[2019-06-17 08:01:03.676] [exthost] [info] extension host started
[2019-06-17 08:01:03.711] [exthost] [info] ExtensionService#_doActivateExtension vscode.debug-auto-launch {"startup":true,"activationEvent":"*"}
[2019-06-17 08:01:03.711] [exthost] [info] ExtensionService#loadCommonJSModule /usr/share/code/resources/app/extensions/debug-auto-launch/dist/extension
[2019-06-17 08:01:03.767] [exthost] [info] ExtensionService#_doActivateExtension vscode.emmet {"startup":true,"activationEvent":"*"}
[2019-06-17 08:01:03.767] [exthost] [info] ExtensionService#loadCommonJSModule /usr/share/code/resources/app/extensions/emmet/dist/extension
[2019-06-17 08:01:03.821] [exthost] [info] ExtensionService#_doActivateExtension vscode.git {"startup":true,"activationEvent":"*"}
[2019-06-17 08:01:03.821] [exthost] [info] ExtensionService#loadCommonJSModule /usr/share/code/resources/app/extensions/git/dist/main
[2019-06-17 08:01:03.988] [exthost] [info] ExtensionService#_doActivateExtension vscode.merge-conflict {"startup":true,"activationEvent":"*"}
[2019-06-17 08:01:03.988] [exthost] [info] ExtensionService#loadCommonJSModule /usr/share/code/resources/app/extensions/merge-conflict/dist/extension
[2019-06-17 08:01:04.043] [exthost] [info] ExtensionService#_doActivateExtension aaronphy.scss-scan {"startup":true,"activationEvent":"*"}
[2019-06-17 08:01:04.043] [exthost] [info] ExtensionService#loadCommonJSModule /home/serii/.vscode/extensions/aaronphy.scss-scan-0.1.67/out/src/extension
[2019-06-17 08:01:04.570] [exthost] [info] ExtensionService#_doActivateExtension alefragnani.project-manager {"startup":true,"activationEvent":"*"}
[2019-06-17 08:01:04.570] [exthost] [info] ExtensionService#loadCommonJSModule /home/serii/.vscode/extensions/alefragnani.project-manager-10.5.2/dist/extension
[2019-06-17 08:01:04.580] [exthost] [info] ExtensionService#_doActivateExtension Atishay-Jain.All-Autocomplete {"startup":true,"activationEvent":"*"}
[2019-06-17 08:01:04.580] [exthost] [info] ExtensionService#loadCommonJSModule /home/serii/.vscode/extensions/atishay-jain.all-autocomplete-0.0.20/out/src/extension
[2019-06-17 08:01:04.703] [exthost] [info] ExtensionService#_doActivateExtension christian-kohler.path-intellisense {"startup":true,"activationEvent":"*"}
[2019-06-17 08:01:04.703] [exthost] [info] ExtensionService#loadCommonJSModule /home/serii/.vscode/extensions/christian-kohler.path-intellisense-1.4.2/out/src/extension
[2019-06-17 08:01:04.809] [exthost] [info] ExtensionService#_doActivateExtension cssho.vscode-svgviewer {"startup":true,"activationEvent":"*"}
[2019-06-17 08:01:04.809] [exthost] [info] ExtensionService#loadCommonJSModule /home/serii/.vscode/extensions/cssho.vscode-svgviewer-2.0.0/out/src/extension
[2019-06-17 08:01:05.471] [exthost] [info] ExtensionService#_doActivateExtension eamodio.gitlens {"startup":true,"activationEvent":"*"}
[2019-06-17 08:01:05.471] [exthost] [info] ExtensionService#loadCommonJSModule /home/serii/.vscode/extensions/eamodio.gitlens-9.8.2/dist/extension
[2019-06-17 08:01:05.546] [exthost] [info] ExtensionService#_doActivateExtension EditorConfig.EditorConfig {"startup":true,"activationEvent":"*"}
[2019-06-17 08:01:05.546] [exthost] [info] ExtensionService#loadCommonJSModule /home/serii/.vscode/extensions/editorconfig.editorconfig-0.13.0/out/src/editorConfigMain
[2019-06-17 08:01:06.024] [exthost] [info] ExtensionService#_doActivateExtension formulahendry.auto-rename-tag {"startup":true,"activationEvent":"*"}
[2019-06-17 08:01:06.024] [exthost] [info] ExtensionService#loadCommonJSModule /home/serii/.vscode/extensions/formulahendry.auto-rename-tag-0.1.0/out/src/extension
[2019-06-17 08:01:06.068] [exthost] [info] ExtensionService#_doActivateExtension Gruntfuggly.todo-tree {"startup":true,"activationEvent":"*"}
[2019-06-17 08:01:06.068] [exthost] [info] ExtensionService#loadCommonJSModule /home/serii/.vscode/extensions/gruntfuggly.todo-tree-0.0.135/extension
[2019-06-17 08:01:07.851] [exthost] [info] ExtensionService#_doActivateExtension ionutvmi.path-autocomplete {"startup":true,"activationEvent":"*"}
[2019-06-17 08:01:07.851] [exthost] [info] ExtensionService#loadCommonJSModule /home/serii/.vscode/extensions/ionutvmi.path-autocomplete-1.13.3/out/src/extension
[2019-06-17 08:01:07.941] [exthost] [info] ExtensionService#_doActivateExtension kenhowardpdx.vscode-gist {"startup":true,"activationEvent":"*"}
[2019-06-17 08:01:07.941] [exthost] [info] ExtensionService#loadCommonJSModule /home/serii/.vscode/extensions/kenhowardpdx.vscode-gist-3.0.3/out/extension
[2019-06-17 08:01:09.034] [exthost] [info] ExtensionService#_doActivateExtension mhutchie.git-graph {"startup":true,"activationEvent":"*"}
[2019-06-17 08:01:09.034] [exthost] [info] ExtensionService#loadCommonJSModule /home/serii/.vscode/extensions/mhutchie.git-graph-1.8.0/out/extension.js
[2019-06-17 08:01:09.133] [exthost] [info] ExtensionService#_doActivateExtension naumovs.color-highlight {"startup":true,"activationEvent":"*"}
[2019-06-17 08:01:09.133] [exthost] [info] ExtensionService#loadCommonJSModule /home/serii/.vscode/extensions/naumovs.color-highlight-2.3.0/dist/extension
[2019-06-17 08:01:09.199] [exthost] [info] ExtensionService#_doActivateExtension nickdodd79.gulptasks {"startup":true,"activationEvent":"*"}
[2019-06-17 08:01:09.199] [exthost] [info] ExtensionService#loadCommonJSModule /home/serii/.vscode/extensions/nickdodd79.gulptasks-1.3.1/out/extension
[2019-06-17 08:01:09.406] [exthost] [info] ExtensionService#_doActivateExtension ritwickdey.LiveServer {"startup":true,"activationEvent":"*"}
[2019-06-17 08:01:09.406] [exthost] [info] ExtensionService#loadCommonJSModule /home/serii/.vscode/extensions/ritwickdey.liveserver-5.6.1/out/src/extension
[2019-06-17 08:01:11.522] [exthost] [info] ExtensionService#_doActivateExtension Shan.code-settings-sync {"startup":true,"activationEvent":"*"}
[2019-06-17 08:01:11.522] [exthost] [info] ExtensionService#loadCommonJSModule /home/serii/.vscode/extensions/shan.code-settings-sync-3.2.9/out/extension.js
[2019-06-17 08:01:11.701] [exthost] [info] ExtensionService#_doActivateExtension tungvn.wordpress-snippet {"startup":true,"activationEvent":"*"}
[2019-06-17 08:01:11.701] [exthost] [info] ExtensionService#loadCommonJSModule /home/serii/.vscode/extensions/tungvn.wordpress-snippet-1.1.5/extension
[2019-06-17 08:01:11.712] [exthost] [info] ExtensionService#_doActivateExtension vscodevim.vim {"startup":true,"activationEvent":"*"}
[2019-06-17 08:01:11.712] [exthost] [info] ExtensionService#loadCommonJSModule /home/serii/.vscode/extensions/vscodevim.vim-1.8.1/out/extension
[2019-06-17 08:01:14.191] [exthost] [info] eager extensions activated
[2019-06-17 08:01:15.732] [exthost] [info] ExtensionService#_doActivateExtension vscode.css-language-features {"startup":false,"activationEvent":"onLanguage:scss"}
[2019-06-17 08:01:15.732] [exthost] [info] ExtensionService#loadCommonJSModule /usr/share/code/resources/app/extensions/css-language-features/client/dist/cssMain
[2019-06-17 08:01:15.836] [exthost] [info] ExtensionService#_doActivateExtension mrmlnc.vscode-scss {"startup":false,"activationEvent":"onLanguage:scss"}
[2019-06-17 08:01:15.836] [exthost] [info] ExtensionService#loadCommonJSModule /home/serii/.vscode/extensions/mrmlnc.vscode-scss-0.6.2/out/client.js
