COMMAND LINE EXTENSION DOWNLOAD SUMMARY
--------------------
TOTAL EXTENSIONS : 41


"/usr/share/code/bin/code" --install-extension AESSoft.aessoft-class-autocomplete
Installing extensions...
Installing extension 'aessoft.aessoft-class-autocomplete' v0.1.0...
Extension 'aessoft.aessoft-class-autocomplete' v0.1.0 was successfully installed.


EXTENSION : 1 / 41 INSTALLED.


"/usr/share/code/bin/code" --install-extension Atishay-Jain.All-Autocomplete
Installing extensions...
Installing extension 'atishay-jain.all-autocomplete' v0.0.20...
Extension 'atishay-jain.all-autocomplete' v0.0.20 was successfully installed.


EXTENSION : 2 / 41 INSTALLED.


"/usr/share/code/bin/code" --install-extension formulahendry.auto-rename-tag
Installing extensions...
Installing extension 'formulahendry.auto-rename-tag' v0.1.0...
Extension 'formulahendry.auto-rename-tag' v0.1.0 was successfully installed.


EXTENSION : 3 / 41 INSTALLED.


"/usr/share/code/bin/code" --install-extension teabyii.ayu
Installing extensions...
Installing extension 'teabyii.ayu' v0.18.0...
Extension 'teabyii.ayu' v0.18.0 was successfully installed.


EXTENSION : 4 / 41 INSTALLED.


"/usr/share/code/bin/code" --install-extension Zaczero.bootstrap-v4-snippets
Installing extensions...
Installing extension 'zaczero.bootstrap-v4-snippets' v1.1.1...
Extension 'zaczero.bootstrap-v4-snippets' v1.1.1 was successfully installed.


EXTENSION : 5 / 41 INSTALLED.


"/usr/share/code/bin/code" --install-extension formulahendry.code-runner
Installing extensions...
Installing extension 'formulahendry.code-runner' v0.9.11...
Extension 'formulahendry.code-runner' v0.9.11 was successfully installed.


EXTENSION : 6 / 41 INSTALLED.


"/usr/share/code/bin/code" --install-extension naumovs.color-highlight
Installing extensions...
Installing extension 'naumovs.color-highlight' v2.3.0...
Extension 'naumovs.color-highlight' v2.3.0 was successfully installed.


EXTENSION : 7 / 41 INSTALLED.


"/usr/share/code/bin/code" --install-extension EditorConfig.EditorConfig
Installing extensions...
Installing extension 'editorconfig.editorconfig' v0.13.0...
Extension 'editorconfig.editorconfig' v0.13.0 was successfully installed.


EXTENSION : 8 / 41 INSTALLED.


"/usr/share/code/bin/code" --install-extension mhutchie.git-graph
Installing extensions...
Installing extension 'mhutchie.git-graph' v1.8.0...
Extension 'mhutchie.git-graph' v1.8.0 was successfully installed.


EXTENSION : 9 / 41 INSTALLED.


"/usr/share/code/bin/code" --install-extension eamodio.gitlens
Installing extensions...
Installing extension 'eamodio.gitlens' v9.8.2...
Extension 'eamodio.gitlens' v9.8.2 was successfully installed.


EXTENSION : 10 / 41 INSTALLED.


"/usr/share/code/bin/code" --install-extension nickdodd79.gulptasks
Installing extensions...
Installing extension 'nickdodd79.gulptasks' v1.3.1...
Extension 'nickdodd79.gulptasks' v1.3.1 was successfully installed.


EXTENSION : 11 / 41 INSTALLED.


"/usr/share/code/bin/code" --install-extension brunnerh.insert-unicode
Installing extensions...
Installing extension 'brunnerh.insert-unicode' v0.6.0...
Extension 'brunnerh.insert-unicode' v0.6.0 was successfully installed.


EXTENSION : 12 / 41 INSTALLED.


"/usr/share/code/bin/code" --install-extension xabikos.JavaScriptSnippets
Installing extensions...
Installing extension 'xabikos.javascriptsnippets' v1.7.2...
Extension 'xabikos.javascriptsnippets' v1.7.2 was successfully installed.


EXTENSION : 13 / 41 INSTALLED.


"/usr/share/code/bin/code" --install-extension donjayamanne.jquerysnippets
Installing extensions...
Installing extension 'donjayamanne.jquerysnippets' v0.0.1...
Extension 'donjayamanne.jquerysnippets' v0.0.1 was successfully installed.


EXTENSION : 14 / 41 INSTALLED.


"/usr/share/code/bin/code" --install-extension dbaeumer.jshint
Installing extensions...
Installing extension 'dbaeumer.jshint' v0.10.20...
Extension 'dbaeumer.jshint' v0.10.20 was successfully installed.


EXTENSION : 15 / 41 INSTALLED.


"/usr/share/code/bin/code" --install-extension sysoev.language-stylus
Installing extensions...
Installing extension 'sysoev.language-stylus' v1.11.0...
Extension 'sysoev.language-stylus' v1.11.0 was successfully installed.


EXTENSION : 16 / 41 INSTALLED.


"/usr/share/code/bin/code" --install-extension ritwickdey.LiveServer
Installing extensions...
Installing extension 'ritwickdey.liveserver' v5.6.1...
Extension 'ritwickdey.liveserver' v5.6.1 was successfully installed.


EXTENSION : 17 / 41 INSTALLED.


"/usr/share/code/bin/code" --install-extension zhuangtongfa.Material-theme
Installing extensions...
Installing extension 'zhuangtongfa.material-theme' v2.24.1...
Extension 'zhuangtongfa.material-theme' v2.24.1 was successfully installed.


EXTENSION : 18 / 41 INSTALLED.


"/usr/share/code/bin/code" --install-extension techer.open-in-browser
Installing extensions...
Installing extension 'techer.open-in-browser' v2.0.0...
Extension 'techer.open-in-browser' v2.0.0 was successfully installed.


EXTENSION : 19 / 41 INSTALLED.


"/usr/share/code/bin/code" --install-extension ionutvmi.path-autocomplete
Installing extensions...
Installing extension 'ionutvmi.path-autocomplete' v1.13.3...
Extension 'ionutvmi.path-autocomplete' v1.13.3 was successfully installed.


EXTENSION : 20 / 41 INSTALLED.


"/usr/share/code/bin/code" --install-extension christian-kohler.path-intellisense
Installing extensions...
Installing extension 'christian-kohler.path-intellisense' v1.4.2...
Extension 'christian-kohler.path-intellisense' v1.4.2 was successfully installed.


EXTENSION : 21 / 41 INSTALLED.


"/usr/share/code/bin/code" --install-extension bschulte.php-autocomplete
Installing extensions...
Installing extension 'bschulte.php-autocomplete' v0.4.2...
Extension 'bschulte.php-autocomplete' v0.4.2 was successfully installed.


EXTENSION : 22 / 41 INSTALLED.


"/usr/share/code/bin/code" --install-extension neilbrayfield.php-docblocker
Installing extensions...
Installing extension 'neilbrayfield.php-docblocker' v1.8.0...
Extension 'neilbrayfield.php-docblocker' v1.8.0 was successfully installed.


EXTENSION : 23 / 41 INSTALLED.


"/usr/share/code/bin/code" --install-extension alefragnani.project-manager
Installing extensions...
Installing extension 'alefragnani.project-manager' v10.5.2...
Extension 'alefragnani.project-manager' v10.5.2 was successfully installed.


EXTENSION : 24 / 41 INSTALLED.


"/usr/share/code/bin/code" --install-extension aaronphy.scss-scan
Installing extensions...
Installing extension 'aaronphy.scss-scan' v0.1.67...
Extension 'aaronphy.scss-scan' v0.1.67 was successfully installed.


EXTENSION : 25 / 41 INSTALLED.


"/usr/share/code/bin/code" --install-extension liximomo.sftp
Installing extensions...
Installing extension 'liximomo.sftp' v1.12.7...
Extension 'liximomo.sftp' v1.12.7 was successfully installed.


EXTENSION : 26 / 41 INSTALLED.


"/usr/share/code/bin/code" --install-extension jock.svg
Installing extensions...
Installing extension 'jock.svg' v0.1.4...
Extension 'jock.svg' v0.1.4 was successfully installed.


EXTENSION : 27 / 41 INSTALLED.


"/usr/share/code/bin/code" --install-extension Gruntfuggly.todo-tree
Installing extensions...
Installing extension 'gruntfuggly.todo-tree' v0.0.135...
Extension 'gruntfuggly.todo-tree' v0.0.135 was successfully installed.


EXTENSION : 28 / 41 INSTALLED.


"/usr/share/code/bin/code" --install-extension vscodevim.vim
Installing extensions...
Installing extension 'vscodevim.vim' v1.8.1...
Extension 'vscodevim.vim' v1.8.1 was successfully installed.


EXTENSION : 29 / 41 INSTALLED.


"/usr/share/code/bin/code" --install-extension fabiospampinato.vscode-diff
Installing extensions...
Installing extension 'fabiospampinato.vscode-diff' v1.4.0...
Extension 'fabiospampinato.vscode-diff' v1.4.0 was successfully installed.


EXTENSION : 30 / 41 INSTALLED.


"/usr/share/code/bin/code" --install-extension kenhowardpdx.vscode-gist
Installing extensions...
Installing extension 'kenhowardpdx.vscode-gist' v3.0.3...
Extension 'kenhowardpdx.vscode-gist' v3.0.3 was successfully installed.


EXTENSION : 31 / 41 INSTALLED.


"/usr/share/code/bin/code" --install-extension wix.vscode-import-cost
Installing extensions...
Installing extension 'wix.vscode-import-cost' v2.12.0...
Extension 'wix.vscode-import-cost' v2.12.0 was successfully installed.


EXTENSION : 32 / 41 INSTALLED.


"/usr/share/code/bin/code" --install-extension bmewburn.vscode-intelephense-client
Installing extensions...
Installing extension 'bmewburn.vscode-intelephense-client' v1.0.14...
Extension 'bmewburn.vscode-intelephense-client' v1.0.14 was successfully installed.


EXTENSION : 33 / 41 INSTALLED.


"/usr/share/code/bin/code" --install-extension akamud.vscode-javascript-snippet-pack
Installing extensions...
Installing extension 'akamud.vscode-javascript-snippet-pack' v0.1.5...
Extension 'akamud.vscode-javascript-snippet-pack' v0.1.5 was successfully installed.


EXTENSION : 34 / 41 INSTALLED.


"/usr/share/code/bin/code" --install-extension MS-CEINTL.vscode-language-pack-ru
Installing extensions...
Installing extension 'ms-ceintl.vscode-language-pack-ru' v1.35.1...
Extension 'ms-ceintl.vscode-language-pack-ru' v1.35.1 was successfully installed.


EXTENSION : 35 / 41 INSTALLED.


"/usr/share/code/bin/code" --install-extension ziyasal.vscode-open-in-github
Installing extensions...
Installing extension 'ziyasal.vscode-open-in-github' v1.3.6...
Extension 'ziyasal.vscode-open-in-github' v1.3.6 was successfully installed.


EXTENSION : 36 / 41 INSTALLED.


"/usr/share/code/bin/code" --install-extension mrmlnc.vscode-pugbeautify
Installing extensions...
Installing extension 'mrmlnc.vscode-pugbeautify' v1.0.2...
Extension 'mrmlnc.vscode-pugbeautify' v1.0.2 was successfully installed.


EXTENSION : 37 / 41 INSTALLED.


"/usr/share/code/bin/code" --install-extension mrmlnc.vscode-scss
Installing extensions...
Installing extension 'mrmlnc.vscode-scss' v0.6.2...
Extension 'mrmlnc.vscode-scss' v0.6.2 was successfully installed.


EXTENSION : 38 / 41 INSTALLED.


"/usr/share/code/bin/code" --install-extension cssho.vscode-svgviewer
Installing extensions...
Installing extension 'cssho.vscode-svgviewer' v2.0.0...
Extension 'cssho.vscode-svgviewer' v2.0.0 was successfully installed.


EXTENSION : 39 / 41 INSTALLED.


"/usr/share/code/bin/code" --install-extension tungvn.wordpress-snippet
Installing extensions...
Installing extension 'tungvn.wordpress-snippet' v1.1.5...
Extension 'tungvn.wordpress-snippet' v1.1.5 was successfully installed.


EXTENSION : 40 / 41 INSTALLED.


"/usr/share/code/bin/code" --install-extension wordpresstoolbox.wordpress-toolbox
Installing extensions...
Installing extension 'wordpresstoolbox.wordpress-toolbox' v1.3.4...
Extension 'wordpresstoolbox.wordpress-toolbox' v1.3.4 was successfully installed.


EXTENSION : 41 / 41 INSTALLED.


CODE SETTINGS SYNC DOWNLOAD SUMMARY
Version: 3.2.9
--------------------
GitHub Token: 9257476f4f95be6e610dc91d489d2ddcc63cd1fa
GitHub Gist: 75a1ba04ece93daf0f6573d44be744de
GitHub Gist Type: Secret

Restarting Visual Studio Code may be required to apply color and file icon theme.
--------------------
Files Downloaded:
  extensions.json > extensions.json
  keybindings.json > keybindings.json
  settings.json > settings.json
  snippets|cm.code-snippets > snippets|cm.code-snippets
  snippets|console-log.code-snippets > snippets|console-log.code-snippets
  snippets|cus.code-snippets > snippets|cus.code-snippets
  snippets|flc.code-snippets > snippets|flc.code-snippets
  snippets|flkr.code-snippets > snippets|flkr.code-snippets
  snippets|heredoc.code-snippets > snippets|heredoc.code-snippets
  snippets|loop.code-snippets > snippets|loop.code-snippets
  snippets|md.code-snippets > snippets|md.code-snippets
  snippets|php.code-snippets > snippets|php.code-snippets
  snippets|ready.code-snippets > snippets|ready.code-snippets
  snippets|retina.code-snippets > snippets|retina.code-snippets
  snippets|s-mcus.code-snippets > snippets|s-mcus.code-snippets
  snippets|test.code-snippets > snippets|test.code-snippets
  snippets|this.code-snippets > snippets|this.code-snippets
  snippets|transition.code-snippets > snippets|transition.code-snippets
  snippets|vd.code-snippets > snippets|vd.code-snippets
  snippets|vue.code-snippets > snippets|vue.code-snippets
  snippets|xl.code-snippets > snippets|xl.code-snippets

Extensions Ignored:
  No extensions ignored.

Extensions Removed:
  No extensions removed.

Extensions Added:
  aessoft-class-autocomplete v0.1.0
  All-Autocomplete v0.0.20
  auto-rename-tag v0.1.0
  ayu v0.18.0
  bootstrap-v4-snippets v1.1.1
  code-runner v0.9.11
  color-highlight v2.3.0
  EditorConfig v0.13.0
  git-graph v1.8.0
  gitlens v9.8.2
  gulptasks v1.3.1
  insert-unicode v0.6.0
  JavaScriptSnippets v1.7.2
  jquerysnippets v0.0.1
  jshint v0.10.20
  language-stylus v1.11.0
  LiveServer v5.6.1
  Material-theme v2.24.1
  open-in-browser v2.0.0
  path-autocomplete v1.13.3
  path-intellisense v1.4.2
  php-autocomplete v0.4.2
  php-docblocker v1.8.0
  project-manager v10.5.2
  scss-scan v0.1.67
  sftp v1.12.7
  svg v0.1.4
  todo-tree v0.0.135
  vim v1.8.1
  vscode-diff v1.4.0
  vscode-gist v3.0.3
  vscode-import-cost v2.12.0
  vscode-intelephense-client v1.0.14
  vscode-javascript-snippet-pack v0.1.5
  vscode-language-pack-ru v1.35.1
  vscode-open-in-github v1.3.6
  vscode-pugbeautify v1.0.2
  vscode-scss v0.6.2
  vscode-svgviewer v2.0.0
  wordpress-snippet v1.1.5
  wordpress-toolbox v1.3.4
--------------------
Done.