[2019-06-15 21:47:10.087] [sharedprocess] [info] main {"machineId":"5113cb9c0bc7a2be6573c7bb20cfb8f137ebe75f39ecda87c5797696f7a386fb"}
[2019-06-15 21:47:10.185] [sharedprocess] [info] Scanned user extensions: 42
[2019-06-15 21:47:10.203] [sharedprocess] [info] Scanned user extensions: 42
[2019-06-15 21:47:10.213] [sharedprocess] [info] Scanned system extensions: 72
[2019-06-15 21:47:10.218] [sharedprocess] [info] Scanned system extensions: 72
[2019-06-15 21:47:10.289] [sharedprocess] [info] Scanned user extensions: 42
[2019-06-15 21:47:10.294] [sharedprocess] [info] Scanned system extensions: 72
[2019-06-15 21:47:10.621] [sharedprocess] [info] Scanned user extensions: 42
[2019-06-15 21:47:50.046] [sharedprocess] [info] Starting to clean up unused language packs.
[2019-06-15 21:47:50.048] [sharedprocess] [info] Skipping directory d9a62b85119a3fd81e015be6fbc12819.ru. Language pack still in use.
[2019-06-15 21:48:20.800] [sharedprocess] [info] Scanned user extensions: 42
[2019-06-15 21:48:20.806] [sharedprocess] [info] Scanned system extensions: 72
[2019-06-15 21:48:21.056] [sharedprocess] [info] Scanned user extensions: 42
[2019-06-15 21:48:21.064] [sharedprocess] [info] Scanned system extensions: 72
[2019-06-15 21:48:23.163] [sharedprocess] [info] Scanned user extensions: 42
[2019-06-15 21:53:23.234] [sharedprocess] [info] Scanned user extensions: 42
[2019-06-15 21:58:23.310] [sharedprocess] [info] Scanned user extensions: 42
[2019-06-15 22:03:23.376] [sharedprocess] [info] Scanned user extensions: 42
[2019-06-15 22:08:23.413] [sharedprocess] [info] Scanned user extensions: 42
[2019-06-15 22:13:23.475] [sharedprocess] [info] Scanned user extensions: 42
[2019-06-15 22:18:23.539] [sharedprocess] [info] Scanned user extensions: 42
