[2019-06-15 21:42:32.047] [exthost] [info] extension host started
[2019-06-15 21:42:32.077] [exthost] [info] ExtensionService#_doActivateExtension vscode.debug-auto-launch {"startup":true,"activationEvent":"*"}
[2019-06-15 21:42:32.077] [exthost] [info] ExtensionService#loadCommonJSModule /usr/share/code/resources/app/extensions/debug-auto-launch/dist/extension
[2019-06-15 21:42:32.106] [exthost] [info] ExtensionService#_doActivateExtension vscode.emmet {"startup":true,"activationEvent":"*"}
[2019-06-15 21:42:32.106] [exthost] [info] ExtensionService#loadCommonJSModule /usr/share/code/resources/app/extensions/emmet/dist/extension
[2019-06-15 21:42:32.151] [exthost] [info] ExtensionService#_doActivateExtension vscode.git {"startup":true,"activationEvent":"*"}
[2019-06-15 21:42:32.151] [exthost] [info] ExtensionService#loadCommonJSModule /usr/share/code/resources/app/extensions/git/dist/main
[2019-06-15 21:42:32.289] [exthost] [info] ExtensionService#_doActivateExtension vscode.merge-conflict {"startup":true,"activationEvent":"*"}
[2019-06-15 21:42:32.289] [exthost] [info] ExtensionService#loadCommonJSModule /usr/share/code/resources/app/extensions/merge-conflict/dist/extension
[2019-06-15 21:42:32.341] [exthost] [info] ExtensionService#_doActivateExtension aaronphy.scss-scan {"startup":true,"activationEvent":"*"}
[2019-06-15 21:42:32.342] [exthost] [info] ExtensionService#loadCommonJSModule /home/serii/.vscode/extensions/aaronphy.scss-scan-0.1.67/out/src/extension
[2019-06-15 21:42:32.694] [exthost] [info] ExtensionService#_doActivateExtension alefragnani.project-manager {"startup":true,"activationEvent":"*"}
[2019-06-15 21:42:32.694] [exthost] [info] ExtensionService#loadCommonJSModule /home/serii/.vscode/extensions/alefragnani.project-manager-10.5.2/dist/extension
[2019-06-15 21:42:32.720] [exthost] [info] ExtensionService#_doActivateExtension Atishay-Jain.All-Autocomplete {"startup":true,"activationEvent":"*"}
[2019-06-15 21:42:32.720] [exthost] [info] ExtensionService#loadCommonJSModule /home/serii/.vscode/extensions/atishay-jain.all-autocomplete-0.0.20/out/src/extension
[2019-06-15 21:42:32.814] [exthost] [info] ExtensionService#_doActivateExtension christian-kohler.path-intellisense {"startup":true,"activationEvent":"*"}
[2019-06-15 21:42:32.814] [exthost] [info] ExtensionService#loadCommonJSModule /home/serii/.vscode/extensions/christian-kohler.path-intellisense-1.4.2/out/src/extension
[2019-06-15 21:42:32.877] [exthost] [info] ExtensionService#_doActivateExtension cssho.vscode-svgviewer {"startup":true,"activationEvent":"*"}
[2019-06-15 21:42:32.877] [exthost] [info] ExtensionService#loadCommonJSModule /home/serii/.vscode/extensions/cssho.vscode-svgviewer-2.0.0/out/src/extension
[2019-06-15 21:42:33.117] [exthost] [info] ExtensionService#_doActivateExtension eamodio.gitlens {"startup":true,"activationEvent":"*"}
[2019-06-15 21:42:33.117] [exthost] [info] ExtensionService#loadCommonJSModule /home/serii/.vscode/extensions/eamodio.gitlens-9.8.2/dist/extension
[2019-06-15 21:42:33.277] [exthost] [info] ExtensionService#_doActivateExtension EditorConfig.EditorConfig {"startup":true,"activationEvent":"*"}
[2019-06-15 21:42:33.277] [exthost] [info] ExtensionService#loadCommonJSModule /home/serii/.vscode/extensions/editorconfig.editorconfig-0.13.0/out/src/editorConfigMain
[2019-06-15 21:42:33.590] [exthost] [info] ExtensionService#_doActivateExtension formulahendry.auto-rename-tag {"startup":true,"activationEvent":"*"}
[2019-06-15 21:42:33.590] [exthost] [info] ExtensionService#loadCommonJSModule /home/serii/.vscode/extensions/formulahendry.auto-rename-tag-0.1.0/out/src/extension
[2019-06-15 21:42:33.615] [exthost] [info] ExtensionService#_doActivateExtension Gruntfuggly.todo-tree {"startup":true,"activationEvent":"*"}
[2019-06-15 21:42:33.615] [exthost] [info] ExtensionService#loadCommonJSModule /home/serii/.vscode/extensions/gruntfuggly.todo-tree-0.0.135/extension
[2019-06-15 21:42:34.374] [exthost] [info] ExtensionService#_doActivateExtension ionutvmi.path-autocomplete {"startup":true,"activationEvent":"*"}
[2019-06-15 21:42:34.374] [exthost] [info] ExtensionService#loadCommonJSModule /home/serii/.vscode/extensions/ionutvmi.path-autocomplete-1.13.3/out/src/extension
[2019-06-15 21:42:34.426] [exthost] [info] ExtensionService#_doActivateExtension kenhowardpdx.vscode-gist {"startup":true,"activationEvent":"*"}
[2019-06-15 21:42:34.426] [exthost] [info] ExtensionService#loadCommonJSModule /home/serii/.vscode/extensions/kenhowardpdx.vscode-gist-3.0.3/out/extension
[2019-06-15 21:42:34.831] [exthost] [info] ExtensionService#_doActivateExtension mhutchie.git-graph {"startup":true,"activationEvent":"*"}
[2019-06-15 21:42:34.831] [exthost] [info] ExtensionService#loadCommonJSModule /home/serii/.vscode/extensions/mhutchie.git-graph-1.8.0/out/extension.js
[2019-06-15 21:42:34.889] [exthost] [info] ExtensionService#_doActivateExtension naumovs.color-highlight {"startup":true,"activationEvent":"*"}
[2019-06-15 21:42:34.889] [exthost] [info] ExtensionService#loadCommonJSModule /home/serii/.vscode/extensions/naumovs.color-highlight-2.3.0/dist/extension
[2019-06-15 21:42:34.948] [exthost] [info] ExtensionService#_doActivateExtension nickdodd79.gulptasks {"startup":true,"activationEvent":"*"}
[2019-06-15 21:42:34.948] [exthost] [info] ExtensionService#loadCommonJSModule /home/serii/.vscode/extensions/nickdodd79.gulptasks-1.3.1/out/extension
[2019-06-15 21:42:35.055] [exthost] [info] ExtensionService#_doActivateExtension ritwickdey.LiveServer {"startup":true,"activationEvent":"*"}
[2019-06-15 21:42:35.055] [exthost] [info] ExtensionService#loadCommonJSModule /home/serii/.vscode/extensions/ritwickdey.liveserver-5.6.1/out/src/extension
[2019-06-15 21:42:36.538] [exthost] [info] ExtensionService#_doActivateExtension Shan.code-settings-sync {"startup":true,"activationEvent":"*"}
[2019-06-15 21:42:36.538] [exthost] [info] ExtensionService#loadCommonJSModule /home/serii/.vscode/extensions/shan.code-settings-sync-3.2.9/out/extension.js
[2019-06-15 21:42:36.747] [exthost] [info] ExtensionService#_doActivateExtension tungvn.wordpress-snippet {"startup":true,"activationEvent":"*"}
[2019-06-15 21:42:36.747] [exthost] [info] ExtensionService#loadCommonJSModule /home/serii/.vscode/extensions/tungvn.wordpress-snippet-1.1.5/extension
[2019-06-15 21:42:36.756] [exthost] [info] ExtensionService#_doActivateExtension vscodevim.vim {"startup":true,"activationEvent":"*"}
[2019-06-15 21:42:36.756] [exthost] [info] ExtensionService#loadCommonJSModule /home/serii/.vscode/extensions/vscodevim.vim-1.8.1/out/extension
[2019-06-15 21:42:37.824] [exthost] [info] eager extensions activated
[2019-06-15 21:42:38.526] [exthost] [info] ExtensionService#_doActivateExtension vscode.html-language-features {"startup":false,"activationEvent":"onLanguage:html"}
[2019-06-15 21:42:38.526] [exthost] [info] ExtensionService#loadCommonJSModule /usr/share/code/resources/app/extensions/html-language-features/client/dist/htmlMain
[2019-06-15 21:42:38.743] [exthost] [info] ExtensionService#_doActivateExtension AESSoft.aessoft-class-autocomplete {"startup":false,"activationEvent":"onLanguage:html"}
[2019-06-15 21:42:38.743] [exthost] [info] ExtensionService#loadCommonJSModule /home/serii/.vscode/extensions/aessoft.aessoft-class-autocomplete-0.1.0/extension
[2019-06-15 21:42:39.147] [exthost] [info] ExtensionService#_doActivateExtension dbaeumer.jshint {"startup":false,"activationEvent":"onLanguage:html"}
[2019-06-15 21:42:39.147] [exthost] [info] ExtensionService#loadCommonJSModule /home/serii/.vscode/extensions/dbaeumer.jshint-0.10.20/jshint/out/extension
[2019-06-15 21:46:12.032] [exthost] [info] extension host started
[2019-06-15 21:46:12.060] [exthost] [info] ExtensionService#_doActivateExtension vscode.debug-auto-launch {"startup":true,"activationEvent":"*"}
[2019-06-15 21:46:12.060] [exthost] [info] ExtensionService#loadCommonJSModule /usr/share/code/resources/app/extensions/debug-auto-launch/dist/extension
[2019-06-15 21:46:12.062] [exthost] [info] ExtensionService#_doActivateExtension vscode.emmet {"startup":true,"activationEvent":"*"}
[2019-06-15 21:46:12.062] [exthost] [info] ExtensionService#loadCommonJSModule /usr/share/code/resources/app/extensions/emmet/dist/extension
[2019-06-15 21:46:12.066] [exthost] [info] ExtensionService#_doActivateExtension vscode.git {"startup":true,"activationEvent":"*"}
[2019-06-15 21:46:12.066] [exthost] [info] ExtensionService#loadCommonJSModule /usr/share/code/resources/app/extensions/git/dist/main
[2019-06-15 21:46:12.085] [exthost] [info] ExtensionService#_doActivateExtension vscode.merge-conflict {"startup":true,"activationEvent":"*"}
[2019-06-15 21:46:12.085] [exthost] [info] ExtensionService#loadCommonJSModule /usr/share/code/resources/app/extensions/merge-conflict/dist/extension
[2019-06-15 21:46:12.087] [exthost] [info] ExtensionService#_doActivateExtension aaronphy.scss-scan {"startup":true,"activationEvent":"*"}
[2019-06-15 21:46:12.087] [exthost] [info] ExtensionService#loadCommonJSModule /home/serii/.vscode/extensions/aaronphy.scss-scan-0.1.67/out/src/extension
[2019-06-15 21:46:12.105] [exthost] [info] ExtensionService#_doActivateExtension alefragnani.project-manager {"startup":true,"activationEvent":"*"}
[2019-06-15 21:46:12.105] [exthost] [info] ExtensionService#loadCommonJSModule /home/serii/.vscode/extensions/alefragnani.project-manager-10.5.2/dist/extension
[2019-06-15 21:46:12.106] [exthost] [info] ExtensionService#_doActivateExtension Atishay-Jain.All-Autocomplete {"startup":true,"activationEvent":"*"}
[2019-06-15 21:46:12.106] [exthost] [info] ExtensionService#loadCommonJSModule /home/serii/.vscode/extensions/atishay-jain.all-autocomplete-0.0.20/out/src/extension
[2019-06-15 21:46:12.110] [exthost] [info] ExtensionService#_doActivateExtension christian-kohler.path-intellisense {"startup":true,"activationEvent":"*"}
[2019-06-15 21:46:12.110] [exthost] [info] ExtensionService#loadCommonJSModule /home/serii/.vscode/extensions/christian-kohler.path-intellisense-1.4.2/out/src/extension
[2019-06-15 21:46:12.114] [exthost] [info] ExtensionService#_doActivateExtension cssho.vscode-svgviewer {"startup":true,"activationEvent":"*"}
[2019-06-15 21:46:12.114] [exthost] [info] ExtensionService#loadCommonJSModule /home/serii/.vscode/extensions/cssho.vscode-svgviewer-2.0.0/out/src/extension
[2019-06-15 21:46:12.126] [exthost] [info] ExtensionService#_doActivateExtension eamodio.gitlens {"startup":true,"activationEvent":"*"}
[2019-06-15 21:46:12.126] [exthost] [info] ExtensionService#loadCommonJSModule /home/serii/.vscode/extensions/eamodio.gitlens-9.8.2/dist/extension
[2019-06-15 21:46:12.155] [exthost] [info] ExtensionService#_doActivateExtension EditorConfig.EditorConfig {"startup":true,"activationEvent":"*"}
[2019-06-15 21:46:12.155] [exthost] [info] ExtensionService#loadCommonJSModule /home/serii/.vscode/extensions/editorconfig.editorconfig-0.13.0/out/src/editorConfigMain
[2019-06-15 21:46:12.168] [exthost] [info] ExtensionService#_doActivateExtension formulahendry.auto-rename-tag {"startup":true,"activationEvent":"*"}
[2019-06-15 21:46:12.168] [exthost] [info] ExtensionService#loadCommonJSModule /home/serii/.vscode/extensions/formulahendry.auto-rename-tag-0.1.0/out/src/extension
[2019-06-15 21:46:12.168] [exthost] [info] ExtensionService#_doActivateExtension Gruntfuggly.todo-tree {"startup":true,"activationEvent":"*"}
[2019-06-15 21:46:12.168] [exthost] [info] ExtensionService#loadCommonJSModule /home/serii/.vscode/extensions/gruntfuggly.todo-tree-0.0.135/extension
[2019-06-15 21:46:12.249] [exthost] [info] ExtensionService#_doActivateExtension ionutvmi.path-autocomplete {"startup":true,"activationEvent":"*"}
[2019-06-15 21:46:12.249] [exthost] [info] ExtensionService#loadCommonJSModule /home/serii/.vscode/extensions/ionutvmi.path-autocomplete-1.13.3/out/src/extension
[2019-06-15 21:46:12.252] [exthost] [info] ExtensionService#_doActivateExtension kenhowardpdx.vscode-gist {"startup":true,"activationEvent":"*"}
[2019-06-15 21:46:12.252] [exthost] [info] ExtensionService#loadCommonJSModule /home/serii/.vscode/extensions/kenhowardpdx.vscode-gist-3.0.3/out/extension
[2019-06-15 21:46:12.342] [exthost] [info] ExtensionService#_doActivateExtension mhutchie.git-graph {"startup":true,"activationEvent":"*"}
[2019-06-15 21:46:12.342] [exthost] [info] ExtensionService#loadCommonJSModule /home/serii/.vscode/extensions/mhutchie.git-graph-1.8.0/out/extension.js
[2019-06-15 21:46:12.348] [exthost] [info] ExtensionService#_doActivateExtension naumovs.color-highlight {"startup":true,"activationEvent":"*"}
[2019-06-15 21:46:12.348] [exthost] [info] ExtensionService#loadCommonJSModule /home/serii/.vscode/extensions/naumovs.color-highlight-2.3.0/dist/extension
[2019-06-15 21:46:12.354] [exthost] [info] ExtensionService#_doActivateExtension nickdodd79.gulptasks {"startup":true,"activationEvent":"*"}
[2019-06-15 21:46:12.354] [exthost] [info] ExtensionService#loadCommonJSModule /home/serii/.vscode/extensions/nickdodd79.gulptasks-1.3.1/out/extension
[2019-06-15 21:46:12.360] [exthost] [info] ExtensionService#_doActivateExtension ritwickdey.LiveServer {"startup":true,"activationEvent":"*"}
[2019-06-15 21:46:12.360] [exthost] [info] ExtensionService#loadCommonJSModule /home/serii/.vscode/extensions/ritwickdey.liveserver-5.6.1/out/src/extension
[2019-06-15 21:46:12.488] [exthost] [info] ExtensionService#_doActivateExtension Shan.code-settings-sync {"startup":true,"activationEvent":"*"}
[2019-06-15 21:46:12.488] [exthost] [info] ExtensionService#loadCommonJSModule /home/serii/.vscode/extensions/shan.code-settings-sync-3.2.9/out/extension.js
[2019-06-15 21:46:12.507] [exthost] [info] ExtensionService#_doActivateExtension tungvn.wordpress-snippet {"startup":true,"activationEvent":"*"}
[2019-06-15 21:46:12.508] [exthost] [info] ExtensionService#loadCommonJSModule /home/serii/.vscode/extensions/tungvn.wordpress-snippet-1.1.5/extension
[2019-06-15 21:46:12.508] [exthost] [info] ExtensionService#_doActivateExtension vscodevim.vim {"startup":true,"activationEvent":"*"}
[2019-06-15 21:46:12.508] [exthost] [info] ExtensionService#loadCommonJSModule /home/serii/.vscode/extensions/vscodevim.vim-1.8.1/out/extension
[2019-06-15 21:46:12.656] [exthost] [info] eager extensions activated
[2019-06-15 21:46:18.755] [exthost] [info] ExtensionService#_doActivateExtension vscode.html-language-features {"startup":false,"activationEvent":"onLanguage:html"}
[2019-06-15 21:46:18.755] [exthost] [info] ExtensionService#loadCommonJSModule /usr/share/code/resources/app/extensions/html-language-features/client/dist/htmlMain
[2019-06-15 21:46:18.763] [exthost] [info] ExtensionService#_doActivateExtension AESSoft.aessoft-class-autocomplete {"startup":false,"activationEvent":"onLanguage:html"}
[2019-06-15 21:46:18.763] [exthost] [info] ExtensionService#loadCommonJSModule /home/serii/.vscode/extensions/aessoft.aessoft-class-autocomplete-0.1.0/extension
[2019-06-15 21:46:18.773] [exthost] [info] ExtensionService#_doActivateExtension dbaeumer.jshint {"startup":false,"activationEvent":"onLanguage:html"}
[2019-06-15 21:46:18.773] [exthost] [info] ExtensionService#loadCommonJSModule /home/serii/.vscode/extensions/dbaeumer.jshint-0.10.20/jshint/out/extension
