I,1517167583,1.1.3
S,lmsensor nouveau-pci-0100 temp1,101
S,lmsensor k10temp-pci-00c3 temp1,101
S,gtop2 cpu usage,8404
S,gtop2 mem free,200404
0,44.0,30.6,1.7,81.2
300,48.0,34.4,0.6,79.1
600,49.0,34.9,6.5,75.6
900,,39.9,29.0,77.4
1200,,41.6,0.9,69.5
1500,,45.9,33.8,45.6
1800,50.0,47.6,48.8,10.3
2100,,48.5,78.9,13.6
2400,,44.5,17.7,5.4
2700,51.0,39.9,23.7,1.6
3000,50.0,40.0,25.7,1.6
3300,,44.0,21.7,1.5
3600,,43.5,18.9,2.4
3900,,43.8,35.3,3.4
4200,,43.6,24.5,10.7
4500,49.0,42.5,25.0,8.8
4800,50.0,39.8,10.5,8.1
5100,49.0,41.9,3.5,7.1
5400,,39.5,3.0,7.0
5700,51.0,43.5,53.2,3.4
6000,50.0,42.8,37.3,6.2
6300,,43.4,16.3,5.6
6600,,44.0,33.5,5.6
6900,,42.0,19.3,1.7
7200,,41.1,18.1,2.8
7500,,43.0,32.8,2.6
7800,,44.0,45.2,2.7
8100,,43.4,8.0,5.0
8400,,41.6,9.0,2.9
8700,,42.5,22.8,2.8
9000,,41.2,24.4,4.3
9300,,42.5,21.3,4.5
9600,,44.2,28.7,5.0
9900,,42.0,22.0,1.6
10200,,37.6,3.8,7.1
10500,49.0,39.0,15.9,7.0
10800,50.0,38.0,7.9,6.6
11100,,39.5,2.8,6.4
11400,,39.0,12.0,6.4
11700,,41.0,7.7,5.7
12000,,38.4,10.6,5.7
12300,,38.5,13.4,5.4
12600,49.0,36.2,3.7,5.2
12900,,38.8,2.9,14.1
13200,,35.8,1.8,11.2
13500,,36.4,3.3,11.3
13800,,37.0,4.3,11.2
14100,,35.5,2.0,11.2
14400,,39.2,8.1,9.9
14700,,41.5,32.7,5.2
15000,50.0,43.0,44.3,5.0
15300,49.0,37.0,3.1,4.9
15600,50.0,41.5,36.8,5.5
15900,49.0,40.1,10.8,7.0
16200,,36.9,4.0,6.5
16500,50.0,38.5,25.6,6.1
I,1517184259,1.1.3
S,lmsensor nouveau-pci-0100 temp1,101
S,lmsensor k10temp-pci-00c3 temp1,101
S,gtop2 cpu usage,8404
S,gtop2 mem free,200404
0,0.0,0.0,0.0,0.0
I,1517220864,1.1.3
S,lmsensor nouveau-pci-0100 temp1,101
S,lmsensor k10temp-pci-00c3 temp1,101
S,gtop2 cpu usage,8404
S,gtop2 mem free,200404
0,0.0,0.0,0.0,0.0
300,42.0,27.0,1.6,82.8
600,43.0,28.4,0.3,83.2
900,44.0,35.8,1.4,75.5
1200,,34.5,23.9,74.3
1500,45.0,35.2,25.5,73.4
1800,44.0,34.9,7.0,62.9
2100,,30.0,1.6,62.2
2400,,29.9,1.6,62.1
2700,,30.2,1.5,62.1
3000,45.0,29.9,1.6,62.1
3300,43.0,29.0,1.4,62.0
3600,45.0,34.0,19.0,60.5
3900,,34.5,18.8,59.6
4200,,36.5,19.3,59.0
4500,46.0,32.5,1.7,58.5
4800,,37.0,27.0,57.9
5100,,36.0,19.6,58.0
5400,,35.6,20.2,58.0
5700,,36.0,19.6,57.8
6000,45.0,36.5,21.3,57.8
6300,,35.1,19.6,57.7
6600,,36.0,19.1,57.9
6900,,36.2,21.0,57.8
7200,,31.5,1.7,57.8
7500,46.0,34.5,18.8,57.5
7800,,35.2,19.8,57.3
8100,47.0,37.2,24.1,71.3
8400,,35.0,23.7,71.0
8700,,39.0,29.9,70.0
9000,48.0,38.9,30.9,69.0
9300,47.0,38.5,32.5,68.1
9600,48.0,39.0,31.9,68.5
9900,47.0,35.1,0.9,68.8
I,1517242778,1.1.3
S,lmsensor nouveau-pci-0100 temp1,101
S,lmsensor k10temp-pci-00c3 temp1,101
S,gtop2 cpu usage,8404
S,gtop2 mem free,200404
0,0.0,0.0,0.0,0.0
300,44.0,33.0,19.3,80.4
600,47.0,36.2,19.6,79.7
900,48.0,37.0,20.2,79.1
1200,49.0,38.4,19.6,78.7
1500,50.0,38.6,19.5,78.1
1800,49.0,40.5,4.3,79.3
2100,50.0,35.5,0.9,80.1
2400,,35.9,0.6,79.0
2700,,37.4,5.2,74.0
3000,,36.2,0.9,76.4
3300,,37.6,2.4,74.8
3600,51.0,46.4,22.6,72.2
3900,,40.0,16.2,71.4
4200,,47.6,36.6,69.3
4500,52.0,50.0,19.6,71.5
4800,51.0,41.0,18.4,73.6
5100,,42.9,9.3,65.6
5400,,43.0,25.3,61.9
5700,,49.8,22.6,50.5
6000,,42.0,16.9,48.2
6300,,41.4,15.8,48.2
I,1517256377,1.1.3
S,lmsensor nouveau-pci-0100 temp1,101
S,lmsensor k10temp-pci-00c3 temp1,101
S,gtop2 cpu usage,8404
S,gtop2 mem free,200404
0,0.0,0.0,0.0,0.0
300,43.0,29.5,1.7,76.4
600,47.0,34.5,21.0,75.5
900,48.0,37.4,24.2,74.6
1200,,37.9,23.7,73.5
1500,49.0,38.5,24.9,72.7
1800,,,22.1,72.2
2100,,43.2,39.9,64.0
2400,,40.0,18.3,60.6
2700,,37.5,14.4,61.0
3000,,37.0,7.5,60.2
3300,50.0,37.5,12.8,59.7
3600,49.0,,6.5,63.2
3900,,,10.9,62.4
4200,50.0,37.0,6.7,62.2
4500,,,5.9,62.0
4800,,37.5,13.5,61.7
5100,,39.5,16.0,62.0
5400,,41.6,2.8,60.6
5700,,41.8,14.7,58.7
6000,,39.9,1.6,59.8
6300,,39.8,14.8,60.3
6600,,46.2,28.2,55.7
6900,,41.5,17.8,52.7
7200,,40.4,17.2,52.1
7500,,,16.8,51.0
7800,,42.2,,50.5
8100,,41.0,16.4,50.6
8400,,40.5,16.4,50.2
8700,,41.5,19.8,49.8
9000,,40.5,16.3,49.6
9300,,,17.8,49.4
9600,,41.0,16.9,49.3
9900,,40.1,17.4,49.1
10200,,40.5,17.4,48.8
10500,,40.4,18.0,48.5
10800,,40.0,17.5,48.2
I,1517300705,1.1.3
S,lmsensor nouveau-pci-0100 temp1,101
S,lmsensor k10temp-pci-00c3 temp1,101
S,gtop2 cpu usage,8404
S,gtop2 mem free,200404
0,0.0,0.0,0.0,0.0
300,43.0,28.5,0.3,85.0
600,45.0,39.0,37.2,73.0
900,46.0,,34.2,70.6
1200,45.0,38.1,3.3,69.2
1500,46.0,38.5,35.8,68.3
1800,47.0,38.9,34.4,68.4
2100,,37.1,23.0,68.2
2400,46.0,39.0,32.4,68.1
2700,,41.5,53.7,70.8
3000,47.0,37.0,24.2,69.9
3300,,37.2,22.6,69.3
3600,,37.4,22.5,69.0
3900,46.0,39.0,21.8,59.2
4200,,36.4,5.1,58.6
4500,,39.5,17.2,55.9
4800,,32.0,1.4,60.1
5100,,35.5,8.0,56.4
5400,,36.5,4.2,55.1
5700,47.0,45.0,76.8,50.6
6000,48.0,37.0,18.8,52.9
6300,47.0,35.9,19.7,52.5
6600,,34.6,1.1,52.4
6900,,35.5,21.4,52.1
7200,46.0,32.5,2.1,50.4
7500,,31.1,1.9,50.3
7800,45.0,35.5,,49.9
8100,,30.0,1.8,49.9
8400,,29.5,2.1,49.9
8700,,29.4,1.8,49.8
9000,,35.0,36.3,55.3
9300,46.0,34.5,18.7,55.2
9600,,,19.3,54.9
9900,45.0,35.0,19.0,54.6
10200,,39.1,20.2,55.4
10500,,34.6,19.0,55.4
10800,,34.5,19.4,55.1
11100,,,19.7,54.9
11400,,38.2,19.2,54.3
11700,,31.5,1.4,54.5
12000,,30.5,1.3,54.5
12300,,33.0,19.5,54.2
12600,,34.4,20.3,54.2
12900,,32.5,1.3,54.1
13200,,34.0,20.6,53.8
13500,46.0,34.5,20.3,53.6
13800,45.0,35.1,4.9,50.8
14100,46.0,34.4,19.8,53.5
14400,45.0,36.4,12.1,53.4
14700,,36.9,9.1,53.0
15000,,36.0,1.1,51.1
15300,,35.4,3.3,51.0
15600,46.0,37.5,37.5,50.8
15900,,33.2,0.8,50.5
16200,,32.0,2.3,50.3
16500,,37.0,9.7,52.5
16800,,38.0,35.8,52.0
17100,,32.2,2.6,51.8
17400,47.0,37.2,9.3,48.7
17700,,37.1,26.3,49.3
18000,,36.4,8.9,49.1
18300,,36.8,7.7,53.7
18600,,37.4,6.1,52.4
18900,,39.5,35.2,52.3
19200,,38.4,33.2,49.0
19500,,36.5,2.3,49.8
19800,,33.2,2.5,51.4
20100,48.0,35.9,5.2,50.7
20400,,36.9,11.3,47.7
20700,,34.5,0.8,47.7
21000,,36.5,4.9,52.0
21300,,34.0,2.4,51.1
21600,49.0,35.9,24.6,49.5
21900,,41.8,29.0,58.5
22200,,40.4,28.1,61.5
22500,,42.1,14.3,61.2
I,1517328006,1.1.3
S,lmsensor nouveau-pci-0100 temp1,101
S,lmsensor k10temp-pci-00c3 temp1,101
S,gtop2 cpu usage,8404
S,gtop2 mem free,200404
0,0.0,0.0,0.0,0.0
300,49.0,38.2,1.6,78.2
600,51.0,41.0,23.7,76.7
900,,42.0,23.0,74.7
1200,,44.2,24.0,73.5
1500,52.0,44.8,21.5,73.3
1800,51.0,49.1,45.2,67.7
2100,52.0,42.5,15.2,67.4
2400,,42.4,16.0,67.1
2700,,42.5,15.9,66.8
3000,,41.8,16.2,66.4
3300,51.0,39.5,15.9,66.3
3600,,40.1,16.1,66.0
3900,,40.5,16.3,65.4
4200,,41.5,15.2,65.2
4500,,40.6,15.3,65.0
4800,,,15.7,64.8
5100,,37.4,1.4,64.7
5400,,39.5,14.7,64.6
5700,,40.4,14.3,64.4
6000,,41.0,16.1,64.2
6300,,39.1,0.8,70.5
6600,52.0,41.2,13.8,67.3
6900,51.0,42.2,9.8,79.2
I,1517340609,1.1.3
S,lmsensor nouveau-pci-0100 temp1,101
S,lmsensor k10temp-pci-00c3 temp1,101
S,gtop2 cpu usage,8404
S,gtop2 mem free,200404
0,0.0,0.0,0.0,0.0
300,47.0,34.0,15.0,80.9
600,50.0,36.0,13.7,80.6
900,51.0,36.5,13.7,80.3
1200,52.0,40.0,20.8,78.9
1500,,,22.2,78.0
1800,,42.4,16.2,70.6
2100,,42.0,16.5,70.3
2400,,41.5,16.0,70.0
2700,53.0,44.6,16.9,67.8
3000,52.0,46.8,32.6,67.0
3300,53.0,42.4,16.1,63.6
3600,,42.5,14.7,63.9
3900,,43.4,11.1,53.7
4200,,40.2,9.5,1.4
4500,,43.8,9.1,1.8
4800,,44.0,46.2,75.1
5100,,42.8,16.1,75.7
5400,,41.0,18.1,75.4
5700,54.0,42.2,16.2,75.2
6000,,42.9,18.0,75.0
6300,53.0,43.0,20.9,74.0
6600,54.0,42.1,16.4,74.2
6900,,42.9,18.3,74.1
7200,,,17.7,73.9
7500,,43.0,18.0,73.3
7800,,43.6,17.3,70.8
8100,,42.5,18.1,70.8
8400,,,18.2,70.6
8700,53.0,42.8,5.4,76.3
9000,54.0,44.8,4.2,76.1
9300,53.0,44.5,38.2,70.0
9600,52.0,40.6,16.5,72.9
9900,53.0,39.5,15.1,72.2
10200,,,15.8,71.7
10500,52.0,38.0,14.3,72.6
10800,,36.0,0.5,72.5
I,1517386513,1.1.3
S,lmsensor nouveau-pci-0100 temp1,101
S,lmsensor k10temp-pci-00c3 temp1,101
S,gtop2 cpu usage,8404
S,gtop2 mem free,200404
1,0.0,0.0,0.0,0.0
301,45.0,29.4,2.2,84.0
601,47.0,38.6,34.3,66.5
901,,42.2,7.8,56.9
1201,,39.6,3.1,65.9
1501,48.0,36.2,22.0,64.4
1801,,37.0,9.1,64.0
2101,,36.5,19.6,63.2
2401,,38.5,22.3,62.4
2701,,37.5,18.4,62.1
3001,,42.4,13.0,47.7
3301,,57.1,43.1,1.5
3601,,38.2,6.5,42.8
3901,,39.0,12.4,19.0
4201,,37.6,11.6,2.8
4501,,38.5,7.6,2.8
4801,,38.1,1.5,79.6
5101,47.0,33.0,2.2,79.4
5401,48.0,34.9,5.6,79.0
5701,,37.0,18.6,78.1
6001,,36.4,5.8,78.9
6301,,,1.9,78.3
6601,,36.9,13.3,78.1
6901,,34.6,1.5,78.1
7201,,33.0,1.5,78.1
7501,,34.1,1.9,77.9
7801,,38.2,4.7,77.2
8101,,39.5,10.3,76.4
8401,,42.1,47.8,69.4
8701,49.0,45.1,45.4,62.2
I,1517397713,1.1.3
S,lmsensor nouveau-pci-0100 temp1,101
S,lmsensor k10temp-pci-00c3 temp1,101
S,gtop2 cpu usage,8404
S,gtop2 mem free,200404
0,0.0,0.0,0.0,0.0
301,49.0,39.9,23.4,79.5
601,,41.9,29.1,71.9
901,48.0,34.5,0.5,72.4
1201,49.0,43.4,45.1,71.1
1501,,38.1,17.2,66.6
1801,47.0,32.8,1.3,66.6
2101,48.0,37.9,3.9,66.0
2401,49.0,38.4,17.1,65.7
2701,,38.5,15.5,65.5
3001,,37.0,14.9,65.3
3301,,,5.8,64.1
3601,,34.5,1.1,64.4
3901,50.0,38.6,16.6,64.2
4201,,38.2,15.1,64.0
4501,51.0,39.4,18.2,63.9
4801,,,18.9,63.6
5101,,39.8,18.1,63.3
5401,,40.5,15.9,63.2
5701,,,18.8,62.7
6001,,36.5,3.0,62.7
6301,,37.5,6.8,62.6
6601,,39.5,10.6,62.2
6901,52.0,40.1,17.4,61.9
7201,,40.8,17.0,61.8
7501,,41.2,16.8,61.4
7801,,40.5,16.3,61.2
8101,,41.0,17.0,61.1
8401,53.0,42.0,17.6,60.9
8701,,,16.7,60.7
9001,,41.5,17.9,60.5
9301,,42.0,16.0,60.3
9601,,42.4,20.8,60.1
I,1517416791,1.1.3
S,lmsensor nouveau-pci-0100 temp1,101
S,lmsensor k10temp-pci-00c3 temp1,101
S,gtop2 cpu usage,8404
S,gtop2 mem free,200404
0,0.0,0.0,0.0,0.0
300,50.0,39.6,23.0,72.6
600,52.0,39.9,22.4,71.6
900,,40.0,24.0,70.8
1200,,41.4,23.4,70.5
1500,53.0,41.1,23.7,69.8
1800,,40.9,16.4,63.4
2100,52.0,41.6,15.4,62.7
2400,,41.1,15.6,62.4
2700,53.0,41.5,15.2,61.9
3000,,,16.7,59.4
3300,,40.9,16.9,58.0
3600,,42.0,17.9,57.8
3900,,39.9,9.0,60.3
4200,52.0,41.0,4.6,52.6
4500,,40.0,20.6,64.2
4800,,39.8,21.2,63.6
5100,,38.8,21.0,63.2
I,1517428816,1.1.3
S,lmsensor nouveau-pci-0100 temp1,101
S,lmsensor k10temp-pci-00c3 temp1,101
S,gtop2 cpu usage,8404
S,gtop2 mem free,200404
1,0.0,0.0,0.0,0.0
301,46.0,39.0,32.4,75.3
601,48.0,,25.8,73.0
901,49.0,34.5,4.6,68.0
1201,50.0,37.8,3.4,71.0
1501,,37.1,2.9,69.9
1801,,36.0,5.1,70.2
2101,,37.5,4.1,69.8
2401,,38.4,8.2,69.3
2701,51.0,40.6,25.4,68.7
3001,50.0,36.1,5.5,68.9
3301,,38.5,7.1,67.1
3601,,36.5,3.1,68.2
3901,,35.8,4.3,67.8
4201,,35.0,3.5,67.6
4501,,36.1,5.3,67.4
4801,,37.9,7.2,72.1
5101,,34.6,0.4,69.4
5401,,39.9,4.1,68.1
5701,,39.4,23.5,68.3
6001,,34.5,1.0,68.0
6301,,36.5,2.5,69.3
6601,,35.5,4.6,66.5
6901,,34.5,1.0,66.7
7201,,40.4,17.9,65.5
7501,,37.2,7.4,65.5
7801,49.0,35.9,6.4,65.4
8101,,,0.9,67.8
8401,,40.9,27.0,66.2
I,1517467117,1.1.3
S,lmsensor nouveau-pci-0100 temp1,101
S,lmsensor k10temp-pci-00c3 temp1,101
S,gtop2 cpu usage,8404
S,gtop2 mem free,200404
0,0.0,0.0,0.0,0.0
300,43.0,29.0,3.2,69.9
600,45.0,40.0,73.6,68.9
900,,38.5,33.0,67.4
I,1517473139,1.1.3
S,lmsensor nouveau-pci-0100 temp1,101
S,lmsensor k10temp-pci-00c3 temp1,101
S,gtop2 cpu usage,8404
S,gtop2 mem free,200404
0,0.0,0.0,0.0,0.0
300,44.0,29.0,3.0,77.1
600,45.0,31.0,0.9,81.4
900,,30.0,0.3,82.2
1200,,29.5,,82.2
1500,,29.1,0.6,82.2
1800,46.0,39.4,54.6,70.4
2100,,34.0,20.4,71.4
2400,,34.6,20.8,70.7
2700,,34.0,18.2,71.1
3000,,33.9,18.7,70.4
3300,47.0,40.5,46.1,64.2
3600,,37.0,20.0,69.0
3900,,34.0,20.1,68.5
4200,,34.5,19.7,68.4
4500,46.0,36.9,30.6,70.0
4800,47.0,38.0,32.5,69.4
5100,46.0,37.4,33.3,68.7
5400,,37.5,30.9,67.7
5700,,38.5,9.4,68.2
6000,,37.9,17.8,61.3
6300,,36.6,22.7,60.9
6600,,36.0,22.2,60.5
6900,,36.5,21.6,60.1
7200,,34.2,4.6,59.7
7500,,37.1,15.4,55.3
7800,47.0,35.8,6.7,55.7
8100,,,18.3,51.2
8400,,35.4,19.6,55.4
8700,,35.0,21.0,58.5
9000,46.0,34.8,3.6,57.8
9300,47.0,35.6,20.4,57.7
9600,,37.1,21.5,57.5
9900,,36.1,3.8,57.3
10200,,36.0,21.4,57.1
10500,,36.5,22.0,57.0
10800,,36.2,21.2,56.8
11100,46.0,36.9,25.8,58.9
11400,47.0,35.9,24.6,58.3
11700,,36.5,27.0,57.9
12000,46.0,35.0,22.8,57.2
12300,,35.4,24.7,57.0
12600,47.0,36.1,23.0,56.4
I,1517489274,1.1.3
S,lmsensor nouveau-pci-0100 temp1,101
S,lmsensor k10temp-pci-00c3 temp1,101
S,gtop2 cpu usage,8404
S,gtop2 mem free,200404
1,0.0,0.0,0.0,0.0
301,41.0,33.9,18.2,72.0
601,44.0,43.5,52.7,68.1
901,45.0,42.1,44.9,69.1
1201,,42.6,50.2,67.0
I,1517491051,1.1.3
S,lmsensor nouveau-pci-0100 temp1,101
S,lmsensor k10temp-pci-00c3 temp1,101
S,gtop2 cpu usage,8404
S,gtop2 mem free,200404
0,0.0,0.0,0.0,0.0
300,44.0,33.9,20.2,75.0
600,45.0,34.5,18.3,74.7
900,,34.8,18.9,74.4
1200,,35.1,19.5,73.9
1500,46.0,36.0,20.8,73.5
1800,,34.6,20.1,73.3
2100,,35.5,19.0,73.0
2400,45.0,38.6,9.0,69.7
I,1517499739,1.1.3
S,lmsensor nouveau-pci-0100 temp1,101
S,lmsensor k10temp-pci-00c3 temp1,101
S,gtop2 cpu usage,8404
S,gtop2 mem free,200404
0,0.0,0.0,0.0,0.0
300,41.0,29.6,0.6,73.3
600,44.0,28.5,0.9,73.4
900,,30.5,2.8,71.9
1200,45.0,35.9,29.9,70.1
1500,,39.5,39.2,66.7
1800,44.0,33.5,20.0,67.5
2100,46.0,44.0,68.2,62.7
2400,45.0,32.5,3.2,62.5
2700,46.0,46.5,80.9,62.2
3000,47.0,48.0,79.3,59.8
3300,,39.5,26.0,64.2
3600,,42.1,36.5,63.5
3900,,39.8,27.4,60.2
4200,,37.5,27.0,59.8
4500,,36.0,21.7,59.3
4800,48.0,36.4,25.3,58.9
5100,,37.1,26.0,58.4
5400,,36.0,20.4,58.2
5700,,36.5,25.3,57.8
6000,,37.0,26.1,57.7
6300,,,25.6,57.5
6600,49.0,37.1,25.5,57.5
6900,,37.5,24.6,57.6
7200,,37.2,19.8,57.7
7500,,44.4,42.4,50.3
7800,48.0,38.1,0.5,75.5
I,1517513196,1.1.3
S,lmsensor nouveau-pci-0100 temp1,101
S,lmsensor k10temp-pci-00c3 temp1,101
S,gtop2 cpu usage,8404
S,gtop2 mem free,200404
0,0.0,0.0,0.0,0.0
300,45.0,29.0,0.4,82.4
600,48.0,31.5,0.5,82.5
900,,32.5,0.9,82.5
1200,50.0,38.2,22.7,70.0
1500,,39.6,14.3,69.5
1800,,35.6,2.1,69.2
2100,,38.1,2.5,68.9
2400,,35.5,1.5,68.6
2700,,37.0,5.5,68.4
3000,,36.6,2.6,68.4
3300,,35.6,2.0,68.3
3600,,39.0,7.1,68.1
3900,51.0,36.4,8.6,68.1
4200,,39.1,2.1,68.7
4500,,38.9,7.9,68.5
4800,,37.4,2.4,68.3
5100,,38.0,11.2,68.0
5400,,38.9,2.4,67.9
5700,,38.5,2.9,67.9
6000,,39.5,4.7,67.6
6300,50.0,36.5,6.4,67.5
6600,51.0,40.0,35.7,66.5
6900,52.0,41.0,33.0,64.7
7200,,44.4,35.3,68.7
7500,,42.8,35.5,67.0
7800,,41.5,33.1,65.1
8100,51.0,42.6,33.7,63.4
8400,52.0,42.0,30.3,61.6
8700,,42.5,28.6,60.8
9000,53.0,45.4,35.5,63.2
9300,52.0,47.1,37.4,60.5
9600,53.0,47.2,36.4,61.2
9900,,48.5,43.9,62.9
10200,52.0,44.0,32.2,61.8
10500,53.0,43.1,35.0,61.1
10800,52.0,43.2,33.0,60.6
11100,,45.5,37.2,60.1
11400,,45.2,37.9,59.6
11700,,45.4,38.0,59.4
12000,,45.0,36.2,59.1
12300,53.0,,38.3,59.3
12600,,46.8,36.9,59.0
12900,,47.6,37.9,58.6
13200,52.0,48.5,48.0,61.3
13500,,46.0,35.0,60.8
13800,,44.1,26.9,58.8
14100,51.0,44.2,4.6,58.6
14400,52.0,44.5,31.4,57.7
14700,51.0,43.1,8.5,59.6
15000,52.0,42.9,21.6,59.8
15300,51.0,40.0,8.3,59.6
15600,52.0,46.5,46.6,60.9
15900,,46.2,37.4,60.2
16200,53.0,45.8,36.8,59.1
16500,,47.6,35.1,58.9
16800,52.0,45.0,36.8,58.7
17100,,51.5,66.6,59.1
17400,,51.6,51.7,58.3
17700,,53.5,51.6,57.7
18000,,54.0,63.5,57.7
18300,,48.0,36.9,60.5
18600,,46.4,34.0,59.4
18900,,48.1,40.2,57.5
19200,,47.9,38.5,56.2
19500,,46.8,33.2,59.3
19800,,47.9,39.4,57.0
20100,,47.6,36.0,57.2
20400,51.0,51.5,39.8,57.1
20700,,47.5,35.6,55.7
21000,,47.0,34.4,55.7
21300,,46.5,35.2,55.8
21600,,,34.8,55.7
21900,,47.8,36.7,60.9
22200,,46.0,34.8,59.4
I,1517558639,1.1.3
S,lmsensor nouveau-pci-0100 temp1,101
S,lmsensor k10temp-pci-00c3 temp1,101
S,gtop2 cpu usage,8404
S,gtop2 mem free,200404
0,0.0,0.0,0.0,0.0
300,45.0,29.5,1.8,79.4
600,46.0,38.2,7.6,63.9
900,47.0,43.1,49.5,64.8
1200,48.0,40.0,33.1,63.5
1500,,45.5,64.3,66.1
1800,,42.2,37.2,67.7
2100,,43.6,33.1,68.9
2400,47.0,41.9,35.5,66.9
2700,46.0,42.0,33.0,64.7
3000,,43.8,11.2,66.7
3300,45.0,41.2,20.0,65.5
3600,46.0,44.8,63.0,65.3
3900,45.0,42.9,51.5,64.1
4200,46.0,42.5,54.5,67.6
4500,45.0,38.0,1.5,67.3
4800,,38.2,36.2,65.4
5100,46.0,39.5,38.1,64.5
5400,,38.4,32.3,64.2
5700,45.0,40.0,44.9,63.9
6000,,39.0,35.9,64.2
6300,46.0,,35.6,64.0
6600,47.0,41.8,18.9,66.9
6900,,39.9,8.0,67.1
7200,,41.4,11.6,66.4
7500,,42.1,2.7,66.4
7800,,43.1,8.1,67.8
8100,,41.5,40.6,66.2
8400,,43.4,34.7,63.7
8700,48.0,44.2,16.3,60.8
9000,,41.5,38.9,59.8
9300,,46.0,61.1,58.0
9600,,44.9,43.9,57.4
9900,,43.9,36.4,57.1
10200,,42.5,36.7,56.4
10500,49.0,45.5,62.5,55.2
10800,47.0,37.5,9.5,67.0
I,1517571032,1.1.3
S,lmsensor nouveau-pci-0100 temp1,101
S,lmsensor k10temp-pci-00c3 temp1,101
S,gtop2 cpu usage,8404
S,gtop2 mem free,200404
0,0.0,0.0,0.0,0.0
I,1517576568,1.1.3
S,lmsensor nouveau-pci-0100 temp1,101
S,lmsensor k10temp-pci-00c3 temp1,101
S,gtop2 cpu usage,8404
S,gtop2 mem free,200404
1,0.0,0.0,0.0,0.0
301,47.0,36.9,2.8,75.3
I,1517579051,1.1.3
S,lmsensor nouveau-pci-0100 temp1,101
S,lmsensor k10temp-pci-00c3 temp1,101
S,gtop2 cpu usage,8404
S,gtop2 mem free,200404
0,0.0,0.0,0.0,0.0
300,44.0,33.2,20.6,78.9
600,45.0,34.5,20.5,78.2
900,46.0,,20.3,77.6
1200,,,21.8,77.1
1500,44.0,34.0,20.4,76.6
1800,,,20.3,76.2
2100,46.0,35.0,20.5,75.9
2400,,32.5,0.4,75.9
2700,47.0,35.5,20.5,75.4
3000,,36.6,20.7,76.8
3300,,36.1,20.6,76.2
3600,48.0,37.0,21.4,75.9
3900,47.0,37.4,22.5,75.5
I,1517650099,1.1.3
S,lmsensor nouveau-pci-0100 temp1,101
S,lmsensor k10temp-pci-00c3 temp1,101
S,gtop2 cpu usage,8404
S,gtop2 mem free,200404
0,0.0,0.0,0.0,0.0
300,41.0,34.8,5.9,77.2
600,43.0,33.5,22.5,75.1
900,44.0,35.5,20.1,74.8
1200,,36.0,25.9,73.8
1500,,35.1,21.1,73.1
1800,45.0,35.5,21.2,72.4
2100,,35.6,21.5,71.6
2400,44.0,35.2,21.9,71.1
2700,,34.6,21.7,70.5
3000,45.0,34.5,22.2,70.0
3300,,37.1,32.3,71.4
3600,44.0,37.0,25.2,68.7
3900,,35.8,20.4,68.9
4200,45.0,,22.5,68.0
4500,,37.6,22.3,67.4
4800,,36.1,22.5,67.3
5100,,37.0,24.1,66.9
5400,,35.8,22.7,66.9
5700,,37.0,24.9,66.4
6000,,41.9,37.1,61.7
6300,46.0,46.2,36.7,64.3
6600,47.0,39.2,23.9,65.7
6900,,38.5,23.7,65.5
7200,,39.0,23.6,65.7
7500,,38.5,23.7,65.7
7800,,39.4,23.1,65.7
8100,,39.0,22.6,65.4
8400,,,25.3,65.4
8700,,,24.8,65.3
9000,,,21.5,65.3
9300,48.0,,20.6,65.3
9600,47.0,39.4,22.9,65.3
9900,48.0,40.0,22.2,65.3
10200,47.0,42.0,32.3,64.9
10500,,44.5,39.3,64.6
10800,,43.5,31.3,64.1
11100,48.0,43.9,32.9,63.3
11400,47.0,44.5,33.7,63.2
11700,48.0,44.0,29.2,69.0
12000,,40.5,22.2,68.9
12300,,40.0,22.2,68.6
I,1517673499,1.1.3
S,lmsensor nouveau-pci-0100 temp1,101
S,lmsensor k10temp-pci-00c3 temp1,101
S,gtop2 cpu usage,8404
S,gtop2 mem free,200404
0,0.0,0.0,0.0,0.0
300,50.0,51.0,48.7,74.7
600,51.0,53.5,25.8,71.3
900,53.0,53.0,66.5,71.6
1200,,55.4,68.2,71.6
1500,,,64.5,71.1
1800,,54.8,63.8,71.0
2100,52.0,50.6,2.6,68.1
I,1517726129,1.1.3
S,lmsensor nouveau-pci-0100 temp1,101
S,lmsensor k10temp-pci-00c3 temp1,101
S,gtop2 cpu usage,8404
S,gtop2 mem free,200404
0,0.0,0.0,0.0,0.0
I,1517735056,1.1.3
S,lmsensor nouveau-pci-0100 temp1,101
S,lmsensor k10temp-pci-00c3 temp1,101
S,gtop2 cpu usage,8404
S,gtop2 mem free,200404
0,0.0,0.0,0.0,0.0
300,41.0,32.5,22.8,71.6
600,44.0,39.6,21.2,70.2
I,1517769420,1.1.3
S,lmsensor nouveau-pci-0100 temp1,101
S,lmsensor k10temp-pci-00c3 temp1,101
S,gtop2 cpu usage,8404
S,gtop2 mem free,200404
0,0.0,0.0,0.0,0.0
-14099,50.0,44.4,20.1,76.9
-13799,,46.0,36.9,73.1
-13499,,49.1,42.0,34.4
I,1517823015,1.1.3
S,lmsensor nouveau-pci-0100 temp1,101
S,lmsensor k10temp-pci-00c3 temp1,101
S,gtop2 cpu usage,8404
S,gtop2 mem free,200404
0,0.0,0.0,0.0,0.0
-6899,41.0,33.5,35.6,76.7
I,1517818758,1.1.3
S,lmsensor nouveau-pci-0100 temp1,101
S,lmsensor k10temp-pci-00c3 temp1,101
S,gtop2 cpu usage,8404
S,gtop2 mem free,200404
0,0.0,0.0,0.0,0.0
300,42.0,33.5,9.0,74.9
600,44.0,32.2,4.9,74.7
900,,33.1,3.9,74.6
1200,,40.0,24.7,68.1
1500,,37.5,4.1,66.9
1800,,34.5,4.5,66.4
2100,,40.5,46.9,63.4
2400,,37.2,5.4,62.5
2700,,46.0,20.2,67.1
3000,,39.8,3.6,63.9
3300,,34.1,3.1,63.1
3600,,33.0,8.6,62.9
3900,45.0,36.0,18.3,60.4
4200,,36.2,9.8,50.3
4500,,39.0,27.2,40.4
4800,,40.6,16.3,22.7
5100,,40.0,29.1,1.6
5400,,36.6,2.1,2.3
5700,,37.0,14.0,6.8
6000,,36.9,8.2,6.7
6300,44.0,33.0,2.0,6.8
6600,45.0,36.4,4.4,4.4
6900,44.0,37.0,20.3,2.9
7200,,33.0,1.8,1.8
7500,,,2.4,3.0
7800,,32.5,2.1,3.0
8100,45.0,40.5,46.2,5.2
8400,,36.5,2.1,14.0
8700,44.0,32.4,1.8,13.9
9000,,31.5,1.9,13.9
9300,,39.0,19.8,13.3
9600,43.0,41.0,66.2,8.0
9900,,32.4,2.8,11.9
10200,44.0,37.9,30.5,10.6
10500,,46.0,100.0,5.5
10800,45.0,38.5,16.2,18.4
11100,,38.2,12.9,10.3
I,1517829931,1.1.3
S,lmsensor nouveau-pci-0100 temp1,101
S,lmsensor k10temp-pci-00c3 temp1,101
S,gtop2 cpu usage,8404
S,gtop2 mem free,200404
0,0.0,0.0,0.0,0.0
300,45.0,41.5,28.1,70.8
600,,39.2,8.0,64.8
900,44.0,34.4,3.4,42.8
1200,,37.0,16.5,28.8
1500,,36.5,18.8,1.7
1800,45.0,42.5,37.1,1.5
2100,,45.4,29.8,1.5
2400,,44.4,23.8,1.5
2700,,44.0,23.2,1.5
3000,,44.4,27.5,1.6
3300,46.0,40.8,1.9,1.6
3600,,43.8,23.8,1.6
3900,,44.2,23.0,1.5
4200,,44.4,25.2,1.6
4500,,44.8,21.0,1.5
4800,,45.5,24.6,1.5
5100,,,24.4,1.6
5400,,45.4,24.3,1.5
5700,45.0,45.2,23.9,1.5
6000,,45.0,22.2,1.5
6300,46.0,36.5,1.8,1.5
6600,,43.4,21.3,1.5
6900,47.0,44.9,25.7,1.6
7200,,45.6,23.4,1.6
7500,,46.0,22.1,1.7
7800,,45.2,18.2,1.7
8100,,46.5,23.4,1.6
8400,,,20.4,1.6
8700,,46.4,19.8,1.5
9000,48.0,43.9,6.6,4.1
9300,,43.4,19.1,5.3
9600,,46.1,19.6,2.6
9900,,46.5,21.5,1.5
10200,,47.5,21.7,1.6
10500,,46.0,20.7,1.5
10800,,46.6,17.8,1.5
11100,,45.9,18.2,1.5
11400,,38.4,1.4,1.5
11700,,44.6,21.9,1.7
12000,47.0,44.4,19.9,1.5
12300,48.0,45.4,20.7,1.6
12600,47.0,45.5,18.5,1.5
12900,,46.2,19.7,1.5
13200,48.0,45.2,20.2,1.6
13500,,38.8,3.2,2.0
13800,,43.5,18.8,1.6
14100,47.0,45.5,24.6,1.7
14400,48.0,,18.9,1.5
14700,,45.1,17.5,1.6
15000,47.0,45.5,20.2,1.5
15300,49.0,46.5,22.1,1.6
15600,48.0,46.1,19.2,1.5
15900,,37.0,1.5,1.6
16200,49.0,44.8,15.8,1.6
16500,,44.5,13.8,1.7
16800,48.0,50.8,37.0,1.6
17100,47.0,40.1,2.5,2.5
17400,48.0,40.2,22.0,1.6
17700,,42.0,29.5,1.6
18000,,43.8,30.0,1.5
18300,,41.1,7.1,3.8
18600,49.0,40.2,19.9,3.2
18900,,41.0,20.0,1.5
19200,,41.4,19.4,1.7
19500,48.0,39.2,3.3,3.8
19800,49.0,42.6,24.2,1.8
20100,48.0,40.8,14.1,2.9
20400,,41.9,6.6,2.5
20700,49.0,44.0,32.1,30.1
21000,48.0,39.1,2.0,23.7
21300,,41.6,13.1,26.3
21600,,39.1,2.5,11.7
21900,,40.4,4.8,11.2
22200,,38.8,3.7,9.4
22500,,45.0,39.8,7.1
22800,49.0,50.8,45.2,1.6
23100,,48.1,38.1,1.7
23400,48.0,44.2,35.0,2.7
23700,49.0,42.5,27.2,13.5
24000,50.0,52.0,70.4,1.5
24300,49.0,42.5,16.0,1.5
24600,50.0,49.9,19.2,1.7
24900,,48.0,27.7,1.6
25200,,50.0,41.4,1.5
25500,,47.5,24.1,1.5
25800,51.0,43.1,11.1,1.8
26100,50.0,42.5,6.9,1.6
26400,,49.5,55.4,1.5
I,1517856646,1.1.3
S,lmsensor k10temp-pci-00c3 temp1,101
S,nvctrl GeForce 9800 GT 0 temp,10201
S,nvctrl NVIDIA 0 fan level,20204
S,gtop2 cpu usage,8404
S,gtop2 mem free,200404
0,0.0,0.0,0.0,0.0,0.0
300,43.1,58.0,37.0,12.4,1.5
600,44.1,,,4.1,1.7
913,53.9,59.0,,28.1,2.5
I,1517858014,1.1.3
S,lmsensor k10temp-pci-00c3 temp1,101
S,nvctrl GeForce 9800 GT 0 temp,10201
S,nvctrl NVIDIA 0 fan level,20204
S,gtop2 cpu usage,8404
S,gtop2 mem free,200404
1,0.0,0.0,0.0,0.0,0.0
301,41.4,56.0,37.0,4.8,75.1
601,38.9,,,1.0,76.0
901,44.0,,,20.3,70.9
1201,39.1,,,1.8,70.6
1501,40.0,,,1.4,57.8
1801,37.0,,,1.5,57.5
2101,37.9,,,0.8,57.5
2401,41.9,55.0,,33.7,67.7
I,1517893619,1.1.3
S,lmsensor nouveau-pci-0100 temp1,101
S,lmsensor k10temp-pci-00c3 temp1,101
S,gtop2 cpu usage,8404
S,gtop2 mem free,200404
1,0.0,0.0,0.0,0.0
301,41.0,36.4,5.3,55.7
I,1517894212,1.1.3
S,lmsensor nouveau-pci-0100 temp1,101
S,lmsensor k10temp-pci-00c3 temp1,101
S,gtop2 cpu usage,8404
S,gtop2 mem free,200404
0,0.0,0.0,0.0,0.0
300,45.0,39.0,6.8,53.4
600,,37.0,1.5,52.0
900,,37.6,7.3,46.6
1200,,34.2,3.1,48.0
1500,,34.6,2.6,47.9
1800,,37.8,6.9,42.7
2100,46.0,44.5,37.1,75.3
2400,45.0,45.9,39.0,74.9
2700,46.0,36.4,5.7,74.6
3000,45.0,44.6,39.4,74.1
I,1517910766,1.1.3
S,lmsensor nouveau-pci-0100 temp1,101
S,lmsensor k10temp-pci-00c3 temp1,101
S,gtop2 cpu usage,8404
S,gtop2 mem free,200404
0,0.0,0.0,0.0,0.0
300,40.0,33.2,27.6,78.7
600,42.0,32.9,15.2,80.4
900,43.0,34.0,9.5,77.8
1200,44.0,36.1,1.3,78.1
1500,,40.8,2.7,77.9
1800,,35.5,21.4,75.5
2100,,35.4,21.7,74.7
2400,45.0,35.5,21.8,74.5
2700,44.0,36.5,21.6,74.1
3000,,35.0,21.3,73.6
I,1517923473,1.1.3
S,lmsensor nouveau-pci-0100 temp1,101
S,lmsensor k10temp-pci-00c3 temp1,101
S,gtop2 cpu usage,8404
S,gtop2 mem free,200404
0,0.0,0.0,0.0,0.0
300,40.0,26.2,0.3,89.5
600,41.0,28.0,0.4,89.6
900,42.0,29.0,,89.5
1200,,,0.3,89.5
1500,43.0,29.5,0.3,89.5
1800,,30.4,,89.5
2100,,30.0,0.1,89.5
2400,,29.8,0.5,89.5
2700,,30.4,0.3,89.5
3000,44.0,35.5,22.3,79.2
3300,,34.5,25.1,78.4
3600,43.0,32.5,2.0,77.9
3900,,31.4,1.7,77.9
4200,42.0,33.1,4.2,78.8
4500,,31.5,0.6,79.8
4800,44.0,36.0,20.2,76.9
5100,43.0,39.2,10.4,70.2
5400,,36.9,7.7,68.5
5700,44.0,35.5,21.5,68.4
6000,,35.2,3.9,68.2
6300,45.0,41.5,39.0,67.6
6600,,37.5,3.5,67.2
6900,,47.0,28.4,53.1
7200,,38.9,22.2,59.1
7500,,37.5,23.4,58.9
I,1517991030,1.1.3
S,lmsensor nouveau-pci-0100 temp1,101
S,lmsensor k10temp-pci-00c3 temp1,101
S,gtop2 cpu usage,8404
S,gtop2 mem free,200404
0,0.0,0.0,0.0,0.0
300,38.0,25.6,7.4,86.9
600,40.0,31.4,17.9,70.4
900,42.0,39.9,53.7,69.2
1200,41.0,38.0,1.8,64.5
1500,,33.4,11.5,60.8
1800,,37.0,25.9,60.7
2100,42.0,,40.8,62.7
2400,,36.6,3.4,66.7
2700,,35.5,2.3,60.7
3000,41.0,33.0,3.4,61.0
3300,42.0,33.9,24.3,60.1
3600,41.0,31.9,1.2,59.7
3900,42.0,33.8,1.1,61.8
4200,,31.0,12.3,61.2
4500,,37.1,31.6,61.4
4800,,39.5,48.5,58.5
5100,,43.6,9.5,58.1
5400,,41.6,41.2,58.7
5700,,39.4,51.9,68.7
I,1517997108,1.1.3
S,lmsensor nouveau-pci-0100 temp1,101
S,lmsensor k10temp-pci-00c3 temp1,101
S,gtop2 cpu usage,8404
S,gtop2 mem free,200404
0,0.0,0.0,0.0,0.0
I,1517997604,1.1.3
S,lmsensor nouveau-pci-0100 temp1,101
S,lmsensor k10temp-pci-00c3 temp1,101
S,gtop2 cpu usage,8404
S,gtop2 mem free,200404
0,0.0,0.0,0.0,0.0
300,41.0,31.2,2.6,75.3
600,,31.0,1.6,75.6
900,,31.9,5.8,78.9
1200,42.0,37.0,35.2,72.7
I,1518006057,1.1.3
S,lmsensor nouveau-pci-0100 temp1,101
S,lmsensor k10temp-pci-00c3 temp1,101
S,gtop2 cpu usage,8404
S,gtop2 mem free,200404
0,0.0,0.0,0.0,0.0
300,38.0,30.9,27.5,75.4
600,40.0,32.0,25.9,74.8
900,41.0,36.8,0.3,74.5
1200,42.0,37.0,42.2,73.7
1500,41.0,35.4,30.1,75.9
1800,,37.0,45.0,75.8
2100,42.0,,34.7,74.9
2400,,39.0,27.4,75.4
2700,,37.1,28.5,74.6
I,1518033998,1.1.3
S,lmsensor nouveau-pci-0100 temp1,101
S,lmsensor k10temp-pci-00c3 temp1,101
S,gtop2 cpu usage,8404
S,gtop2 mem free,200404
0,0.0,0.0,0.0,0.0
299,42.0,28.5,0.6,89.5
599,44.0,31.0,1.1,89.6
899,,31.5,0.8,89.6
1199,45.0,32.0,0.9,89.6
1499,,32.1,0.8,89.6
I,1518067421,1.1.3
S,lmsensor nouveau-pci-0100 temp1,101
S,lmsensor k10temp-pci-00c3 temp1,101
S,gtop2 cpu usage,8404
S,gtop2 mem free,200404
0,0.0,0.0,0.0,0.0
300,40.0,26.8,3.7,87.5
600,43.0,37.0,42.6,73.5
900,,34.8,2.3,72.3
I,1518165242,1.1.3
S,lmsensor nouveau-pci-0100 temp1,101
S,lmsensor k10temp-pci-00c3 temp1,101
S,gtop2 cpu usage,8404
S,gtop2 mem free,200404
0,0.0,0.0,0.0,0.0
301,41.0,31.5,25.5,77.7
601,44.0,37.0,31.3,71.8
901,,43.2,40.6,48.9
1201,,36.9,12.0,18.9
1501,,38.0,13.9,1.5
1801,,38.5,14.4,1.5
2101,45.0,36.9,7.4,3.1
2401,44.0,34.4,6.2,3.3
2701,45.0,38.9,38.3,4.9
I,1518168278,1.1.3
S,lmsensor nouveau-pci-0100 temp1,101
S,lmsensor k10temp-pci-00c3 temp1,101
S,gtop2 cpu usage,8404
S,gtop2 mem free,200404
0,0.0,0.0,0.0,0.0
300,44.0,33.6,3.2,78.9
600,,37.0,29.0,72.3
900,45.0,45.5,89.9,64.3
1200,,37.9,22.3,61.3
1500,,37.0,21.3,59.9
1800,44.0,41.0,22.2,72.4
2100,45.0,35.8,18.4,70.7
2400,,36.0,19.9,70.1
2700,,35.0,19.8,69.8
3000,44.0,36.9,1.5,69.4
3300,,32.8,4.0,66.7
3600,45.0,38.8,14.5,64.8
3900,,,2.7,48.4
4200,,40.8,27.3,50.3
4500,,34.0,2.0,32.6
4800,44.0,32.1,2.0,32.6
5100,,31.9,1.8,32.6
5400,45.0,32.5,3.1,9.4
5700,,33.5,3.2,8.7
6000,,33.0,4.0,8.8
6300,,32.9,2.9,8.7
6600,,33.0,3.5,8.8
6900,46.0,35.5,4.4,8.5
7200,45.0,34.0,3.3,8.7
7500,46.0,40.0,6.8,2.9
7800,47.0,42.1,23.6,1.9
8100,,39.5,20.3,1.7
8400,,40.4,24.8,1.7
8700,48.0,41.4,23.9,2.5
9000,,42.5,31.9,1.9
9300,49.0,41.6,23.1,1.7
9600,48.0,41.4,24.8,1.6
9900,,41.0,14.1,3.1
10200,,39.9,13.0,3.0
10500,49.0,40.0,14.2,3.0
10800,,40.5,15.3,2.9
11100,,40.8,12.7,2.4
11400,,41.9,13.6,1.7
11700,,41.1,12.6,1.5
12000,48.0,45.6,9.5,1.6
12300,,40.0,13.7,1.7
12600,49.0,,11.1,1.7
12900,,40.9,11.1,1.9
13200,,40.5,10.2,1.9
13500,50.0,38.6,0.8,3.8
13800,,37.0,0.8,3.8
14100,,36.5,0.4,3.8
14400,,,0.6,3.8
14700,,37.0,0.4,3.6
15000,,,0.9,3.6
15300,,37.9,1.4,3.6
15600,,39.8,0.5,3.5
15900,,37.0,0.9,2.7
16200,51.0,37.4,2.3,1.7
16500,50.0,45.4,20.6,2.4
16800,,43.0,9.5,1.7
17100,,45.2,15.1,1.6
I,1518193265,1.1.3
S,lmsensor nouveau-pci-0100 temp1,101
S,lmsensor k10temp-pci-00c3 temp1,101
S,gtop2 cpu usage,8404
S,gtop2 mem free,200404
0,0.0,0.0,0.0,0.0
300,45.0,37.2,15.2,74.9
600,47.0,42.0,44.1,77.0
900,49.0,42.6,7.2,71.5
1200,,39.8,2.7,75.3
1500,,41.5,21.6,74.4
1800,,43.0,24.4,73.7
2100,,41.4,21.7,73.1
2400,,41.5,21.3,72.6
2700,50.0,42.1,22.4,72.2
3000,49.0,39.1,0.6,64.5
3300,50.0,47.2,25.0,63.1
3600,,38.0,0.4,66.3
3900,,45.8,8.4,61.6
4200,,44.5,11.2,61.2
4500,,50.0,44.2,58.6
4800,,47.5,42.4,57.6
5100,,46.4,13.8,56.7
5400,,45.0,24.2,62.7
5700,,42.5,5.3,59.4
6000,,42.0,16.5,58.7
6300,,37.0,0.6,61.4
6600,51.0,44.5,37.2,58.0
6900,50.0,47.5,7.1,57.0
7200,,42.0,4.4,55.7
7500,,43.4,8.5,57.7
7800,,38.0,4.9,57.6
8100,,41.8,1.1,57.4
8400,49.0,40.4,6.5,57.1
8700,50.0,38.6,6.4,58.8
9000,,39.2,6.6,58.3
9300,,45.6,6.3,61.0
9600,49.0,44.2,29.6,60.9
9900,50.0,36.9,1.1,60.7
10200,,36.5,0.4,60.6
10500,,43.5,16.5,60.2
10800,,38.6,5.3,60.2
11100,,37.5,1.5,60.0
11400,,37.0,0.6,59.8
11700,,38.1,0.8,59.7
12000,49.0,37.4,0.6,59.7
12300,,36.9,0.5,59.7
12600,,,1.8,56.2
12900,,45.0,28.6,49.1
13200,,45.5,32.7,52.5
13500,,39.9,11.4,52.2
13800,,40.9,7.4,51.7
14100,,42.4,1.5,51.1
14400,,37.6,0.9,53.0
14700,,38.6,1.5,52.9
15000,,40.8,6.0,52.8
15300,,40.2,11.4,52.4
15600,,40.0,10.9,54.7
15900,,40.6,10.9,54.4
16200,50.0,41.0,10.9,54.2
16500,49.0,46.0,38.0,54.1
16800,,41.0,10.8,53.8
17100,,40.5,11.3,53.7
17400,,40.9,11.3,53.5
17700,48.0,39.5,10.0,53.3
18000,47.0,40.0,9.0,53.0
18300,48.0,39.5,10.7,52.8
18600,,40.0,,52.7
18900,49.0,40.2,10.1,52.6
19200,,44.0,0.9,53.6
19500,48.0,37.0,0.5,53.5
19800,,41.1,5.2,53.1
20100,,36.6,0.8,53.2
20400,,,0.4,53.1
20700,,40.5,12.9,53.0
21000,49.0,36.0,0.6,53.2
21300,48.0,37.8,7.8,53.2
21600,47.0,38.9,1.0,53.1
21900,,,12.5,52.7
22200,,41.5,2.3,50.9
22500,,37.5,10.2,51.3
22800,,34.5,0.9,52.2
23100,48.0,47.0,100.0,53.1
23400,,37.0,1.6,60.7
23700,,35.0,1.5,60.8
24000,,37.0,19.7,60.6
24300,,39.8,19.7,60.1
24600,,39.5,21.7,59.7
24900,,38.0,1.6,59.7
25200,47.0,35.0,1.6,59.8
I,1518246565,1.1.3
S,lmsensor nouveau-pci-0100 temp1,101
S,lmsensor k10temp-pci-00c3 temp1,101
S,gtop2 cpu usage,8404
S,gtop2 mem free,200404
0,0.0,0.0,0.0,0.0
300,41.0,27.8,4.0,86.3
600,44.0,31.8,0.9,72.6
900,,37.0,22.3,69.3
1200,,39.0,41.1,66.9
1500,45.0,35.5,21.9,67.8
1800,,36.0,23.7,67.2
2100,,40.1,30.4,53.2
2400,44.0,38.1,23.6,69.5
2700,,33.2,0.5,69.5
3000,,33.6,0.5,69.4
3300,45.0,40.1,3.9,68.6
3600,,38.1,1.5,71.9
3900,,32.0,0.3,71.8
4200,,32.9,0.5,71.3
4500,,32.5,4.5,71.2
4800,,32.1,0.6,71.2
5100,,33.0,1.0,71.1
5400,,,0.6,71.0
I,1518253261,1.1.3
S,lmsensor nouveau-pci-0100 temp1,101
S,lmsensor k10temp-pci-00c3 temp1,101
S,gtop2 cpu usage,8404
S,gtop2 mem free,200404
0,0.0,0.0,0.0,0.0
300,43.0,35.0,0.9,71.0
600,44.0,37.4,7.9,70.6
900,45.0,39.9,27.5,67.3
1200,,38.6,0.6,66.0
1500,,39.0,7.6,64.4
1800,,38.4,7.4,64.2
2100,,33.5,4.7,63.9
I,1518597592,1.1.3
S,lmsensor nouveau-pci-0100 temp1,101
S,lmsensor k10temp-pci-00c3 temp1,101
S,gtop2 cpu usage,8404
S,gtop2 mem free,200404
0,0.0,0.0,0.0,0.0
300,45.0,45.2,26.2,54.8
600,44.0,34.5,8.0,44.5
900,,32.5,1.9,47.2
1200,,41.6,41.8,8.8
1500,,37.0,16.2,10.5
1800,,36.0,18.4,11.2
I,1520020017,1.1.3
S,lmsensor nouveau-pci-0100 temp1,101
S,lmsensor k10temp-pci-00c3 temp1,101
S,gtop2 cpu usage,8404
S,gtop2 mem free,200404
0,0.0,0.0,0.0,0.0
300,48.0,43.4,32.5,71.2
600,51.0,44.9,31.2,68.0
900,,45.9,31.0,66.8
1200,52.0,45.8,30.5,65.6
1500,51.0,44.6,31.8,65.2
1800,,,30.3,65.7
2100,,45.1,26.8,65.4
2400,,44.5,32.5,65.4
2700,,45.4,31.7,65.3
3000,,40.9,2.9,67.7
3300,,38.8,1.4,68.3
3600,,37.0,0.8,68.1
3900,50.0,43.1,20.8,62.0
4200,,41.9,8.6,51.5
4500,51.0,46.6,26.9,52.6
4800,50.0,41.0,7.0,52.3
5100,,37.5,7.8,50.6
5400,,43.0,5.2,44.7
5700,,,20.5,40.5
6000,51.0,44.1,9.5,42.0
6300,50.0,43.6,8.4,37.7
6600,51.0,40.8,0.9,49.2
6900,,45.1,22.9,41.9
7200,52.0,43.9,8.3,38.8
7500,51.0,49.0,63.5,36.8
7800,,48.6,12.2,35.8
8100,52.0,47.5,29.2,38.1
8400,51.0,47.1,25.7,39.1
8700,,45.0,4.7,39.2
9000,,45.2,25.4,37.6
9300,,38.5,1.0,38.7
9600,,42.5,2.3,38.2
9900,,45.5,3.0,40.3
10200,,38.5,1.0,40.2
10500,,44.8,36.8,39.1
10800,52.0,40.0,14.6,39.8
11100,51.0,39.6,12.9,39.1
11400,52.0,40.4,2.8,39.6
11700,51.0,44.4,12.2,29.3
12000,52.0,42.5,6.4,26.4
12300,,47.0,39.0,16.1
12600,,46.0,16.2,1.5
12900,,46.4,7.2,7.9
13200,51.0,45.4,28.6,7.5
13500,52.0,39.9,2.5,10.5
13800,51.0,47.6,14.7,9.3
I,1520034036,1.1.3
S,lmsensor nouveau-pci-0100 temp1,101
S,lmsensor k10temp-pci-00c3 temp1,101
S,gtop2 cpu usage,8404
S,gtop2 mem free,200404
1,0.0,0.0,0.0,0.0
300,51.0,43.0,3.2,83.3
I,1520069901,1.1.3
S,lmsensor nouveau-pci-0100 temp1,101
S,lmsensor k10temp-pci-00c3 temp1,101
S,gtop2 cpu usage,8404
S,gtop2 mem free,200404
0,0.0,0.0,0.0,0.0
300,42.0,35.2,9.1,71.4
600,45.0,38.5,9.3,1.5
900,46.0,35.2,3.9,1.9
1200,,40.8,40.9,68.6
1501,47.0,42.2,33.1,29.6
1801,46.0,42.5,37.1,1.7
2101,45.0,37.6,26.5,1.6
2401,46.0,37.2,19.0,1.6
2701,,38.2,22.1,2.0
3001,,37.6,25.4,1.9
3301,,37.5,24.1,1.7
3601,,38.8,26.1,1.9
3901,47.0,,26.9,2.4
4201,,38.9,25.7,2.2
4501,,37.9,24.7,1.7
4801,,38.5,26.7,1.7
5101,,47.2,28.1,73.4
I,1520075289,1.1.3
S,lmsensor nouveau-pci-0100 temp1,101
S,lmsensor k10temp-pci-00c3 temp1,101
S,gtop2 cpu usage,8404
S,gtop2 mem free,200404
0,0.0,0.0,0.0,0.0
I,1520086441,1.1.3
S,lmsensor nouveau-pci-0100 temp1,101
S,lmsensor k10temp-pci-00c3 temp1,101
S,gtop2 cpu usage,8404
S,gtop2 mem free,200404
0,0.0,0.0,0.0,0.0
300,52.0,51.5,27.4,42.1
600,,46.8,17.0,6.1
900,,46.1,8.7,4.2
I,1520087624,1.1.3
S,lmsensor nouveau-pci-0100 temp1,101
S,lmsensor k10temp-pci-00c3 temp1,101
S,gtop2 cpu usage,8404
S,gtop2 mem free,200404
0,0.0,0.0,0.0,0.0
300,51.0,43.1,30.0,73.1
600,50.0,38.4,8.2,78.8
900,51.0,41.8,4.2,78.2
1200,,42.2,2.4,74.4
I,1520096136,1.1.3
S,lmsensor nouveau-pci-0100 temp1,101
S,lmsensor k10temp-pci-00c3 temp1,101
S,gtop2 cpu usage,8404
S,gtop2 mem free,200404
0,0.0,0.0,0.0,0.0
I,1520142952,1.1.3
S,lmsensor nouveau-pci-0100 temp1,101
S,lmsensor k10temp-pci-00c3 temp1,101
S,gtop2 cpu usage,8404
S,gtop2 mem free,200404
1,0.0,0.0,0.0,0.0
301,44.0,37.0,27.8,63.6
I,1520143617,1.1.3
S,lmsensor nouveau-pci-0100 temp1,101
S,lmsensor k10temp-pci-00c3 temp1,101
S,gtop2 cpu usage,8404
S,gtop2 mem free,200404
0,0.0,0.0,0.0,0.0
300,45.0,41.1,1.4,70.5
600,46.0,36.1,0.8,68.2
900,,34.0,1.4,70.1
1200,,36.9,3.4,62.9
1500,,39.5,28.0,57.1
1800,,36.6,15.0,55.9
I,1520187697,1.1.3
S,lmsensor nouveau-pci-0100 temp1,101
S,lmsensor k10temp-pci-00c3 temp1,101
S,gtop2 cpu usage,8404
S,gtop2 mem free,200404
0,0.0,0.0,0.0,0.0
300,54.0,52.5,51.9,69.7
600,52.0,46.6,22.5,78.7
900,,42.2,22.9,77.8
1200,,41.5,22.9,76.8
1500,,41.6,20.3,75.9
1800,51.0,42.9,20.3,75.0
2100,,41.5,23.6,74.0
2400,,,19.9,73.3
2700,52.0,43.0,28.2,75.0
3000,,42.1,26.9,74.6
3300,51.0,42.0,26.7,74.0
3600,,,25.5,73.4
3900,,42.5,23.7,72.8
4200,,,24.8,72.7
4500,,47.0,48.5,73.4
4800,,46.2,2.8,73.4
5100,52.0,49.0,25.9,73.5
5400,,43.8,25.0,72.6
5700,,43.6,22.7,72.0
6000,,44.4,25.0,71.2
6300,,44.5,26.2,70.9
6600,,44.4,27.1,70.5
6900,,44.5,28.6,70.6
7200,,,27.3,70.7
7500,,44.8,5.6,70.1
I,1520229685,1.1.3
S,lmsensor nouveau-pci-0100 temp1,101
S,lmsensor k10temp-pci-00c3 temp1,101
S,gtop2 cpu usage,8404
S,gtop2 mem free,200404
0,0.0,0.0,0.0,0.0
300,42.0,33.0,5.0,74.7
600,44.0,32.2,0.9,73.8
900,45.0,40.8,32.7,65.9
1200,46.0,51.9,55.4,47.4
1500,,42.0,5.0,1.5
1800,,34.0,2.8,1.5
I,1520233960,1.1.3
S,lmsensor nouveau-pci-0100 temp1,101
S,lmsensor k10temp-pci-00c3 temp1,101
S,gtop2 cpu usage,8404
S,gtop2 mem free,200404
0,0.0,0.0,0.0,0.0
300,42.0,29.0,0.5,87.1
I,1520246477,1.1.3
S,lmsensor nouveau-pci-0100 temp1,101
S,lmsensor k10temp-pci-00c3 temp1,101
S,gtop2 cpu usage,8404
S,gtop2 mem free,200404
0,0.0,0.0,0.0,0.0
300,41.0,36.9,24.7,71.8
600,44.0,35.9,22.1,77.6
900,46.0,37.5,24.5,76.7
1200,,38.5,29.5,75.2
1500,,37.5,23.5,74.3
1800,,38.6,28.2,73.4
2100,,38.0,26.2,73.4
2400,,38.2,23.9,73.6
2700,47.0,38.0,29.0,73.4
3000,,37.2,23.8,73.5
3300,46.0,37.8,9.8,70.7
3600,,36.6,10.7,68.3
3900,45.0,36.5,4.4,69.0
4200,,35.2,1.3,66.6
4500,46.0,35.5,8.9,63.8
4800,,32.5,1.4,61.6
5100,,32.0,1.3,61.6
5400,47.0,33.9,4.3,59.3
5700,,38.5,29.0,58.1
6000,,36.8,3.6,57.6
I,1520252737,1.1.3
S,lmsensor nouveau-pci-0100 temp1,101
S,lmsensor k10temp-pci-00c3 temp1,101
S,gtop2 cpu usage,8404
S,gtop2 mem free,200404
0,0.0,0.0,0.0,0.0
I,1520252880,1.1.3
S,lmsensor nouveau-pci-0100 temp1,101
S,lmsensor k10temp-pci-00c3 temp1,101
S,gtop2 cpu usage,8404
S,gtop2 mem free,200404
0,0.0,0.0,0.0,0.0
300,47.0,35.0,2.1,67.8
600,48.0,41.5,24.9,5.2
900,,43.2,26.6,1.6
1201,47.0,42.8,8.8,2.3
1501,46.0,39.5,28.8,33.1
1801,47.0,43.0,44.6,34.3
2101,,37.8,15.7,24.8
2401,,38.0,1.6,22.4
2701,,36.6,10.3,20.0
3001,48.0,39.2,7.7,20.9
3301,,38.0,14.7,20.7
3601,,37.9,6.3,16.1
3901,,36.6,4.2,15.4
4201,49.0,41.5,38.7,11.7
4501,48.0,36.2,1.8,17.8
4801,,42.5,5.1,12.8
5101,,40.1,2.1,15.1
5401,49.0,41.1,16.8,1.8
5701,47.0,40.2,16.4,1.9
6001,,40.5,18.8,1.8
6301,,40.2,13.4,5.3
6601,,38.6,7.2,4.6
6901,,41.8,24.9,5.0
7201,,38.6,6.9,4.9
7501,,39.2,4.5,39.3
7801,,38.4,3.4,39.2
8101,,44.1,23.0,36.4
8401,,35.9,5.7,38.5
8701,,38.8,3.3,36.7
9001,48.0,38.6,2.0,36.6
9301,47.0,40.1,7.4,35.5
9601,48.0,39.1,11.1,35.5
9901,,36.2,5.8,35.3
10201,,39.9,21.8,35.2
10501,,38.1,2.5,34.6
10801,,39.5,3.7,34.5
11101,50.0,49.5,75.2,28.8
11401,,45.6,16.4,27.8
11701,51.0,44.6,8.3,27.3
12001,,43.8,14.3,26.9
12301,52.0,47.0,29.1,24.4
12601,51.0,42.5,9.1,20.0
12901,,45.9,12.2,17.0
13201,,39.1,5.0,17.3
13501,52.0,41.9,27.0,17.3
13801,,45.1,3.1,19.2
14101,,44.0,17.0,17.3
14401,53.0,41.0,1.8,16.4
14701,52.0,39.1,1.9,18.0
15001,51.0,39.2,5.8,18.6
15301,50.0,44.2,8.6,18.7
15601,51.0,45.0,38.5,14.7
15901,,48.2,42.8,10.3
16201,,42.0,24.4,10.5
16501,,42.4,25.2,8.7
16801,,40.5,16.0,12.6
17101,,41.0,21.6,11.3
17401,,41.5,22.3,11.4
17701,,41.1,20.7,11.1
18001,,,17.1,7.8
18301,52.0,40.6,17.7,7.5
18601,,41.6,19.9,7.2
18901,,42.4,17.8,6.9
19201,,42.2,18.6,6.5
19501,,44.0,18.3,6.5
19801,,41.2,19.0,6.1
20101,,42.2,17.4,6.1
20401,,44.9,6.4,14.9
20701,,46.0,14.6,13.8
21001,,43.4,18.1,13.2
21301,,46.0,36.1,13.2
21601,,50.2,30.1,9.1
21901,51.0,45.8,10.1,8.4
22201,,43.8,11.9,3.8
22501,,44.1,18.1,3.4
22801,,41.9,19.0,2.9
23101,,42.5,11.2,3.0
23401,,44.2,5.7,5.3
23701,,44.5,9.3,5.8
24001,,43.5,23.3,5.7
24301,,49.1,32.1,1.7
24601,,41.1,23.4,9.6
24901,,40.5,24.8,9.6
25201,,40.0,23.7,9.1
25501,50.0,,24.8,9.3
25801,51.0,40.5,24.5,8.7
26101,,41.0,24.3,8.8
26401,52.0,40.9,24.1,8.2
26701,51.0,42.9,23.6,8.4
27001,,40.6,25.8,7.9
27301,,41.0,24.9,8.0
27601,,42.6,2.1,11.1
27901,,43.2,25.2,28.0
28201,,44.6,30.1,19.6
28501,50.0,45.5,38.5,14.6
28801,,41.5,16.1,3.6
29101,,44.6,18.9,1.6
29401,,46.2,14.9,1.5
I,1520282544,1.1.3
S,lmsensor nouveau-pci-0100 temp1,101
S,lmsensor k10temp-pci-00c3 temp1,101
S,gtop2 cpu usage,8404
S,gtop2 mem free,200404
0,0.0,0.0,0.0,0.0
300,50.0,40.5,11.0,24.8
600,,40.0,11.5,23.2
900,,49.5,10.5,9.5
1200,,41.5,14.1,1.5
1500,,41.0,13.3,1.5
1801,,42.0,20.6,1.7
2101,,42.2,15.9,1.6
2401,51.0,49.6,15.5,1.5
2701,50.0,45.2,19.0,72.1
I,1520313095,1.1.3
S,lmsensor nouveau-pci-0100 temp1,101
S,lmsensor k10temp-pci-00c3 temp1,101
S,gtop2 cpu usage,8404
S,gtop2 mem free,200404
0,0.0,0.0,0.0,0.0
300,43.0,29.5,3.1,78.0
600,44.0,35.4,13.3,48.6
I,1520922420,1.1.3
S,lmsensor nouveau-pci-0100 temp1,101
S,lmsensor k10temp-pci-00c3 temp1,101
S,gtop2 cpu usage,8404
S,gtop2 mem free,200404
0,0.0,0.0,0.0,0.0
300,49.0,42.0,34.1,57.5
600,,41.9,23.1,8.2
900,,39.8,17.9,1.6
1200,,42.5,34.2,1.7
1500,,44.1,19.9,1.7
1800,,40.6,16.7,1.5
2100,,39.8,18.3,1.7
2400,48.0,36.4,0.8,7.4
2700,,33.6,2.9,6.2
3000,,34.5,1.5,5.6
3300,,46.5,75.5,7.7
3600,49.0,35.9,2.5,1.5
3900,,38.9,18.5,2.8
4200,,37.0,13.1,1.5
4500,,42.4,34.2,1.7
4800,,34.8,1.8,1.7
5100,,41.9,11.9,3.1
5400,,41.8,6.2,7.5
5700,,37.5,11.4,2.4
6000,,37.9,6.6,4.7
6300,,38.8,16.9,3.2
I,1520928952,1.1.3
S,lmsensor nouveau-pci-0100 temp1,101
S,lmsensor k10temp-pci-00c3 temp1,101
S,gtop2 cpu usage,8404
S,gtop2 mem free,200404
0,0.0,0.0,0.0,0.0
300,49.0,44.2,4.8,6.7
600,,42.5,20.8,8.2
900,,43.4,19.4,5.1
1200,,45.5,37.7,3.6
1500,48.0,41.9,8.9,2.5
1800,49.0,38.6,0.6,23.5
I,1520938213,1.1.3
S,lmsensor nouveau-pci-0100 temp1,101
S,lmsensor k10temp-pci-00c3 temp1,101
S,gtop2 cpu usage,8404
S,gtop2 mem free,200404
1,0.0,0.0,0.0,0.0
301,44.0,31.6,12.1,1.6
601,47.0,40.5,55.0,1.7
901,,37.0,3.0,1.9
1201,48.0,37.5,14.6,2.0
1501,,31.8,0.9,46.3
1801,,35.0,5.9,51.7
2101,,34.4,1.3,41.0
2401,,34.5,1.1,40.5
2701,,33.0,0.9,42.2
3001,49.0,33.1,0.6,40.2
3301,,35.0,2.7,39.7
3601,,39.6,17.6,36.8
3901,50.0,37.0,10.7,33.0
4201,49.0,45.5,91.7,30.4
4501,50.0,38.6,14.2,28.4
4801,,37.5,7.0,25.4
5101,,39.6,23.0,22.5
5401,51.0,40.5,20.6,21.6
5701,,37.0,9.7,24.5
6001,,41.0,21.2,22.8
6301,50.0,36.5,10.1,20.8
6601,,37.5,11.5,21.2
6901,,36.0,9.5,21.0
7201,51.0,38.8,12.3,20.6
7501,50.0,35.8,1.0,20.2
7801,,40.8,14.4,19.2
8101,51.0,45.1,10.0,17.8
8401,,39.1,23.6,16.2
8701,,39.0,22.4,15.5
9001,,39.5,23.0,14.5
9301,,39.9,22.8,13.5
9601,50.0,39.8,21.5,12.5
9901,51.0,39.4,20.9,12.2
10201,,40.0,25.0,12.4
10501,,39.0,20.5,12.1
10801,,40.0,25.5,12.2
11101,,,25.1,12.1
11401,,45.5,31.6,11.7
11701,,37.0,1.9,12.0
12001,,40.0,24.6,12.1
12301,52.0,45.0,55.1,3.0
12601,,41.6,23.7,14.3
12901,,40.8,21.5,14.0
13201,,39.5,10.5,14.7
13501,,41.8,9.2,13.6
I,1520951780,1.1.3
S,lmsensor nouveau-pci-0100 temp1,101
S,lmsensor k10temp-pci-00c3 temp1,101
S,gtop2 cpu usage,8404
S,gtop2 mem free,200404
0,0.0,0.0,0.0,0.0
300,52.0,42.4,13.1,27.0
600,,46.0,47.3,1.5
900,,45.4,13.7,1.6
1200,,42.9,15.5,1.7
1500,,45.6,21.0,1.6
1800,51.0,43.5,22.8,1.7
2100,,39.0,11.9,1.7
2400,52.0,37.8,10.1,1.7
2700,51.0,45.1,37.6,1.5
3000,,39.4,11.5,3.5
3300,52.0,38.4,10.6,3.2
3600,53.0,43.2,8.8,1.6
3900,,45.0,2.7,4.6
4200,,40.0,9.2,2.0
4500,,45.8,12.8,3.8
I,1520963040,1.1.3
S,lmsensor nouveau-pci-0100 temp1,101
S,lmsensor k10temp-pci-00c3 temp1,101
S,gtop2 cpu usage,8404
S,gtop2 mem free,200404
0,0.0,0.0,0.0,0.0
300,48.0,37.9,20.6,75.5
600,51.0,38.9,21.6,74.3
900,52.0,39.5,22.8,72.9
1200,53.0,,23.7,71.5
1500,,40.0,22.9,70.8
1800,,42.1,23.5,71.2
2100,,41.0,5.4,71.1
2400,54.0,40.9,9.3,72.1
2700,,45.4,10.8,70.3
3000,,38.2,1.3,70.1
3300,,41.8,2.6,68.9
3600,,45.0,51.9,62.4
3900,,46.5,23.3,53.9
4200,,38.2,2.1,52.8
4500,,37.0,2.0,52.7
4800,,41.8,9.9,53.8
5100,,42.5,28.4,53.3
5400,,42.1,9.8,52.9
5700,,42.9,21.1,52.5
6000,,43.6,11.2,51.8
6300,,43.8,13.7,51.4
6600,,50.9,15.0,44.5
6900,,,38.5,40.3
7200,,45.2,6.6,38.0
7500,,47.0,11.9,40.2
7800,,52.6,33.0,46.7
8100,,45.5,33.2,47.3
8400,,43.0,15.5,47.2
8700,53.0,43.4,11.5,46.1
9000,,41.5,3.8,45.1
9300,,39.4,2.4,44.9
9600,,45.2,12.2,43.0
9900,,41.1,2.3,38.0
10200,,44.9,27.0,38.3
10500,54.0,45.0,31.1,35.6
10800,,45.6,30.9,39.9
11100,53.0,44.0,7.2,39.3
11400,,42.6,9.4,43.0
11700,54.0,43.9,7.1,42.9
12000,,42.2,3.8,42.1
12300,55.0,47.8,5.8,43.2
12600,54.0,47.1,6.1,44.1
12900,55.0,47.0,26.2,45.4
13200,54.0,46.2,12.2,45.4
13500,53.0,45.5,30.8,46.1
13800,,50.1,21.8,43.0
14100,52.0,48.1,9.2,44.7
14400,,41.1,5.7,44.1
14700,53.0,45.0,31.9,45.1
15000,,42.0,7.8,43.0
15300,54.0,45.9,33.6,38.7
15600,,49.9,19.5,37.1
15900,53.0,42.5,5.3,35.8
16200,54.0,42.1,12.3,33.9
16500,,43.1,12.5,33.2
16800,53.0,45.9,12.2,32.5
17100,54.0,47.0,32.5,33.1
17400,,46.2,19.8,39.4
17700,,44.0,10.2,39.1
18000,,45.2,12.4,38.5
18300,,46.4,31.1,37.6
18600,,46.9,14.4,37.1
18900,,45.0,29.3,37.0
19200,53.0,42.8,13.0,34.9
19500,54.0,44.4,18.5,37.2
I,1521006331,1.1.3
S,lmsensor nouveau-pci-0100 temp1,101
S,lmsensor k10temp-pci-00c3 temp1,101
S,gtop2 cpu usage,8404
S,gtop2 mem free,200404
0,0.0,0.0,0.0,0.0
300,45.0,36.8,25.3,64.4
600,49.0,42.0,58.2,62.4
900,,40.9,7.8,59.0
1200,50.0,44.1,21.7,57.1
1500,,42.0,44.6,56.1
1800,,39.0,20.6,54.5
2100,,37.5,10.4,54.6
2400,,44.2,25.0,55.3
2700,,44.0,14.9,49.3
3000,51.0,43.6,27.0,36.6
3300,50.0,42.5,10.4,34.0
3600,,41.8,11.1,32.0
3900,,45.0,10.4,23.4
4200,,44.6,7.5,24.8
4500,,44.0,36.5,22.5
4800,,40.5,3.5,27.0
5100,51.0,44.2,21.0,19.0
5400,,41.9,25.1,16.7
I,1521023707,1.1.3
S,lmsensor nouveau-pci-0100 temp1,101
S,lmsensor k10temp-pci-00c3 temp1,101
S,gtop2 cpu usage,8404
S,gtop2 mem free,200404
0,0.0,0.0,0.0,0.0
300,45.0,33.9,21.3,75.2
600,48.0,41.4,40.4,74.1
900,49.0,37.1,28.1,72.7
1200,,37.4,26.6,70.7
1500,,37.0,26.6,69.9
1800,,37.2,23.2,71.0
2100,,35.5,11.0,62.4
2400,,37.6,1.9,64.2
2700,,37.2,11.5,62.8
3000,,38.0,31.7,61.8
3300,,37.6,9.8,61.2
3600,,38.0,31.8,60.5
3900,,39.6,4.8,60.0
4200,,41.4,33.6,59.2
4500,,37.8,2.1,57.2
4800,48.0,40.1,19.0,57.8
5100,49.0,41.2,20.6,56.2
5400,,37.9,10.3,56.4
5700,,41.2,6.1,55.4
6000,,37.6,15.6,54.8
6300,48.0,39.6,21.7,53.8
6600,49.0,37.4,18.3,56.0
6900,,36.5,10.6,55.7
7200,,36.2,2.5,54.2
7500,50.0,38.8,23.6,54.4
7800,,,34.9,53.6
8100,49.0,34.6,7.4,53.2
8400,,38.4,9.0,51.8
8700,50.0,39.0,25.5,50.0
9000,,36.6,7.1,50.0
9300,,39.5,27.6,48.8
9600,,36.0,19.3,55.1
9900,,35.8,10.2,55.0
10200,,36.9,23.7,55.8
10500,,38.5,6.7,54.3
10800,51.0,41.5,6.2,53.9
11100,,42.5,38.9,51.6
11400,52.0,45.9,38.7,51.3
11700,,43.5,31.4,50.5
12000,,42.4,30.3,49.6
12300,,42.5,25.7,48.3
12600,,43.2,21.1,48.2
12900,,40.0,26.3,53.2
13200,,39.6,11.3,52.2
13500,,40.5,31.9,51.6
13800,,39.6,10.8,51.3
14100,,41.4,5.0,51.5
14400,53.0,38.4,12.6,51.5
14700,,40.0,8.0,49.7
15000,,42.9,11.4,50.3
15300,,43.0,27.5,52.1
15600,54.0,43.4,20.9,51.2
15900,,42.8,11.8,50.5
16200,55.0,42.5,30.4,49.8
16500,,42.1,11.1,49.6
16800,,42.0,26.1,49.1
I,1521047175,1.1.3
S,lmsensor nouveau-pci-0100 temp1,101
S,lmsensor k10temp-pci-00c3 temp1,101
S,gtop2 cpu usage,8404
S,gtop2 mem free,200404
0,0.0,0.0,0.0,0.0
300,49.0,37.5,24.3,74.6
600,52.0,39.9,26.5,73.3
900,53.0,40.0,27.9,72.0
1200,,43.1,20.4,69.7
1500,,39.8,21.3,70.9
1800,,40.0,21.5,70.5
2100,,43.2,5.5,68.7
2400,,38.6,0.8,66.3
2700,,42.6,1.1,65.3
I,1521050108,1.1.3
S,lmsensor nouveau-pci-0100 temp1,101
S,lmsensor k10temp-pci-00c3 temp1,101
S,gtop2 cpu usage,8404
S,gtop2 mem free,200404
0,0.0,0.0,0.0,0.0
300,53.0,41.6,1.0,69.1
600,,42.8,1.6,69.4
900,,37.0,4.4,68.4
1200,,45.0,35.5,62.3
1500,,40.9,29.9,64.4
1800,,47.5,5.9,62.4
2100,54.0,43.0,33.8,64.7
2400,53.0,,4.1,63.0
2700,,41.6,15.9,62.5
3000,,43.9,6.3,63.3
3300,,40.8,5.3,60.8
3600,54.0,39.1,9.5,61.8
3900,,41.0,24.7,61.2
4200,,41.4,3.5,61.1
4500,53.0,45.1,34.0,57.7
4800,,37.9,1.5,53.1
5100,52.0,43.0,32.4,17.5
5400,53.0,,12.2,17.4
5700,,43.6,9.3,51.8
6000,,39.9,5.0,53.9
6300,,40.1,7.5,53.9
6600,,41.8,25.9,53.8
6900,,45.2,7.5,51.6
7200,,47.6,14.2,49.6
7500,,50.4,42.5,48.4
7800,,47.1,3.9,50.4
8100,,40.6,7.7,50.3
8400,,43.0,14.9,50.0
8700,54.0,48.0,49.7,47.9
9000,53.0,43.0,12.7,49.0
9300,,40.5,16.6,48.3
9600,54.0,44.2,26.3,45.0
9900,53.0,42.9,24.6,43.9
10200,54.0,42.4,25.0,43.1
10500,53.0,42.0,28.4,42.3
10800,,,22.6,41.6
11100,54.0,,30.5,41.0
11400,53.0,41.6,22.3,40.3
11700,54.0,42.2,30.0,39.8
12000,,43.5,21.8,39.7
12300,,42.8,24.9,39.6
12600,,42.5,25.5,39.5
12900,,42.8,21.9,39.3
13200,,42.5,27.8,39.3
13500,,41.8,21.6,39.1
13800,,43.0,31.2,39.4
14100,,42.4,25.5,39.2
14400,,41.5,24.9,39.2
14700,,42.2,21.7,38.9
15000,,42.5,28.5,38.9
15300,,41.8,23.5,39.1
15600,,42.4,31.1,39.0
15900,,42.6,23.3,39.0
16200,,42.4,28.5,39.0
16500,,42.0,23.0,39.1
16800,,40.4,6.4,39.2
I,1521092184,1.1.3
S,lmsensor nouveau-pci-0100 temp1,101
S,lmsensor k10temp-pci-00c3 temp1,101
S,gtop2 cpu usage,8404
S,gtop2 mem free,200404
1,0.0,0.0,0.0,0.0
301,45.0,42.1,30.0,50.4
601,48.0,41.0,3.5,49.5
901,49.0,38.0,2.0,43.7
1201,,36.2,6.6,44.5
1501,50.0,41.6,33.2,34.0
1801,49.0,37.6,3.7,37.7
2101,,38.5,0.9,35.6
2401,50.0,38.4,14.2,37.9
2701,,39.9,32.5,30.1
3001,,43.0,59.8,28.5
3301,49.0,43.5,31.1,11.4
3601,50.0,39.5,17.1,1.6
3901,,42.0,27.5,19.4
4201,,43.5,38.4,19.8
4501,,42.0,11.2,21.0
4801,,40.5,12.0,21.4
5101,,41.9,15.8,18.7
5401,,36.8,1.6,25.1
5701,,41.8,13.6,16.9
6001,,43.0,12.5,16.3
6301,,41.4,9.9,20.9
6601,,39.8,11.7,20.6
6901,,38.4,11.8,19.8
7201,,43.9,40.7,17.8
7501,51.0,43.5,1.5,18.0
7801,,39.5,5.1,35.9
8101,,38.6,13.7,35.7
I,1521114201,1.1.3
S,lmsensor nouveau-pci-0100 temp1,101
S,lmsensor k10temp-pci-00c3 temp1,101
S,gtop2 cpu usage,8404
S,gtop2 mem free,200404
0,0.0,0.0,0.0,0.0
300,47.0,34.4,13.2,71.6
600,48.0,37.2,22.1,69.2
900,50.0,38.4,21.0,67.9
1200,,39.4,21.8,65.9
1500,,38.4,20.6,65.2
1800,49.0,38.1,20.8,65.3
2100,,38.5,20.6,65.0
2400,,33.1,0.6,65.2
2700,,36.6,19.3,64.9
3000,,37.6,20.3,64.9
3300,50.0,38.6,20.0,64.9
3600,,38.5,20.3,64.7
3900,51.0,39.4,20.7,64.9
4200,,40.0,21.6,64.7
4500,,40.1,22.2,64.5
4800,,39.8,21.0,64.6
5100,50.0,38.5,19.2,64.5
5400,,38.2,20.7,64.6
5700,,39.0,22.0,64.5
6000,,38.0,20.1,64.4
6300,51.0,39.5,23.4,64.4
6600,50.0,39.4,21.9,64.3
6900,51.0,38.9,20.3,64.4
7200,50.0,39.0,21.9,64.1
7500,51.0,45.8,13.4,57.4
7800,,42.5,0.9,65.9
8100,,38.8,20.0,66.4
8400,52.0,39.2,20.5,65.7
8700,,40.0,27.4,65.8
9000,,37.9,1.6,62.7
9300,51.0,36.9,10.2,62.7
9600,,,10.7,59.0
9900,,37.4,6.7,58.8
10200,52.0,44.2,48.2,50.4
10500,,35.5,2.1,50.3
10800,,38.0,5.5,48.5
11100,,40.8,1.0,44.4
11400,51.0,37.1,2.3,42.1
11700,52.0,41.0,17.0,41.5
12000,51.0,35.9,6.0,41.4
12300,,36.6,1.8,41.3
12600,,41.5,24.1,39.3
12900,,38.0,2.6,38.5
13200,52.0,35.5,3.8,37.3
13500,,43.2,19.1,37.9
13800,53.0,40.4,6.6,37.0
14100,,41.5,21.3,33.8
14400,,39.8,6.2,34.9
14700,,40.5,9.7,37.7
15000,,44.5,42.3,35.6
15300,,41.6,9.2,37.6
15600,,40.0,7.5,37.2
15900,54.0,48.0,60.9,39.3
16200,,41.5,9.4,42.7
16500,,39.5,11.3,42.5
16800,,39.9,11.3,42.4
17100,,45.5,8.2,41.0
17400,,42.5,19.2,43.2
17700,,41.2,3.9,39.6
18000,55.0,42.5,26.2,38.9
18300,54.0,,25.0,38.6
18600,,42.8,21.2,38.4
18900,,40.6,11.9,41.9
19200,,39.5,11.2,41.9
19500,53.0,39.1,7.3,42.2
19800,,36.6,2.3,42.9
20100,54.0,42.4,12.5,41.9
20400,,39.0,4.2,41.4
20700,,52.5,94.5,33.2
21000,,42.6,11.4,35.4
21300,55.0,41.0,11.7,34.7
21600,54.0,40.2,10.6,33.9
21900,,40.5,12.4,34.8
22200,,46.2,27.9,29.4
22500,,40.9,8.9,34.4
22800,,39.5,2.5,34.5
23100,,46.9,8.5,31.2
23400,,40.5,3.5,42.3
23700,53.0,42.4,8.2,42.0
I,1521144509,1.1.3
S,lmsensor nouveau-pci-0100 temp1,101
S,lmsensor k10temp-pci-00c3 temp1,101
S,gtop2 cpu usage,8404
S,gtop2 mem free,200404
0,0.0,0.0,0.0,0.0
300,49.0,38.0,26.8,70.8
600,52.0,40.0,29.7,69.4
900,,42.4,0.8,72.5
1200,53.0,38.6,6.0,64.0
1500,,39.0,12.0,63.7
1800,,40.8,5.1,61.0
2100,,42.0,11.4,59.9
2400,,39.1,4.9,59.5
2700,,39.6,11.3,59.7
3000,,41.0,16.8,59.7
3300,,41.8,5.0,59.5
3600,,38.9,4.8,58.3
3900,54.0,43.6,10.0,56.4
4200,,,3.7,56.3
4500,,41.4,8.8,56.0
4800,53.0,,21.0,55.6
5100,,40.6,11.2,54.2
5400,,40.4,8.2,54.1
5700,,40.1,4.4,53.7
6000,,39.5,14.5,52.9
6300,54.0,39.9,13.8,54.1
6600,,41.9,12.1,53.0
6900,,42.8,4.2,52.4
7200,53.0,40.5,15.6,52.5
7500,54.0,40.0,11.9,52.1
7800,,40.5,10.8,53.4
8100,,42.4,6.4,51.1
8400,,39.2,7.0,50.9
8700,,44.6,6.3,69.3
I,1521191292,1.1.3
S,lmsensor nouveau-pci-0100 temp1,101
S,lmsensor k10temp-pci-00c3 temp1,101
S,gtop2 cpu usage,8404
S,gtop2 mem free,200404
1,0.0,0.0,0.0,0.0
I,1521193163,1.1.3
S,lmsensor nouveau-pci-0100 temp1,101
S,lmsensor k10temp-pci-00c3 temp1,101
S,gtop2 cpu usage,8404
S,gtop2 mem free,200404
0,0.0,0.0,0.0,0.0
300,45.0,32.6,12.4,66.5
600,49.0,34.5,11.4,65.8
900,50.0,42.1,7.3,62.2
1200,,40.1,14.5,60.8
1500,,36.6,8.5,59.9
1800,,40.6,5.7,59.1
2100,,36.6,4.6,59.3
2400,,35.9,13.8,59.1
2700,49.0,35.0,8.2,59.1
3000,,35.2,4.9,57.8
3300,50.0,41.2,9.9,56.8
3600,,36.0,10.6,57.9
3900,,40.0,32.4,57.6
4200,,44.5,92.6,54.0
4500,,38.5,21.7,55.2
4800,,39.1,13.4,55.5
5100,,41.0,29.3,55.4
5400,,39.5,41.3,54.0
5700,,37.9,9.8,55.0
6000,,44.4,4.9,49.9
6300,51.0,41.0,5.5,44.1
6600,50.0,,2.0,47.2
6900,,35.8,9.9,46.6
7200,,35.6,2.1,46.2
7500,,40.6,1.6,46.5
7800,,36.6,1.9,45.3
8100,,37.4,4.3,39.8
8400,,39.1,7.2,39.6
8700,,37.0,15.6,38.9
9000,,38.9,3.0,48.8
9300,,44.0,25.2,39.8
9600,,42.5,10.9,41.1
9900,51.0,42.0,47.0,42.1
10200,,42.5,25.2,40.2
10500,50.0,35.1,2.0,40.4
10800,,40.9,26.1,35.5
11100,,41.1,23.9,36.0
11400,49.0,35.5,18.5,36.3
11700,50.0,35.9,5.7,35.4
12000,,41.6,19.8,34.8
12300,,40.1,4.7,35.3
12600,,38.9,31.8,32.6
12900,,37.0,6.1,32.3
13200,,38.6,11.6,32.0
13500,,36.5,16.9,30.3
13800,49.0,35.4,12.4,33.4
14100,,43.5,35.2,33.9
14400,,40.1,4.9,32.4
14700,50.0,40.8,15.0,32.1
15000,,41.2,5.1,32.3
15300,,41.4,13.8,32.2
15600,51.0,40.9,13.0,31.5
15900,,45.4,12.2,37.7
I,1521209341,1.1.3
S,lmsensor nouveau-pci-0100 temp1,101
S,lmsensor k10temp-pci-00c3 temp1,101
S,gtop2 cpu usage,8404
S,gtop2 mem free,200404
0,0.0,0.0,0.0,0.0
300,51.0,48.5,34.8,41.4
600,52.0,47.8,20.7,32.3
900,51.0,48.4,31.4,26.5
1200,,44.9,25.3,29.8
1500,,44.5,10.7,34.4
1800,,39.5,13.2,33.4
2100,,40.0,39.7,32.0
2400,52.0,38.2,2.8,30.8
2700,,44.0,38.3,30.8
3000,,45.6,43.8,30.4
3300,,41.9,12.2,29.6
3600,,45.5,46.2,28.7
3900,53.0,50.0,52.4,24.2
4200,,48.6,52.2,23.8
4500,,49.6,52.3,23.2
4800,,49.5,51.7,22.9
5100,54.0,,52.9,22.5
5400,,,53.3,22.1
5700,,,51.9,22.0
6000,,49.6,52.1,21.8
6300,,49.4,51.9,21.6
6600,,48.4,40.1,22.1
6900,,50.4,33.1,21.7
7200,,,30.7,21.4
7500,,50.9,28.6,21.2
7800,,,27.7,21.0
8100,,,28.1,20.6
8400,,,26.1,20.2
8700,,,26.0,19.8
9000,53.0,49.8,30.2,19.8
9300,52.0,41.2,0.4,53.9
9600,,36.0,0.8,46.7
9900,,47.9,82.7,40.8
10200,53.0,39.6,1.0,34.7
10500,,37.8,2.4,45.2
10800,,42.5,47.3,44.9
11100,,45.5,12.8,33.7
11400,,46.1,11.4,32.3
I,1521754452,1.1.3
S,lmsensor nouveau-pci-0100 temp1,101
S,lmsensor k10temp-pci-00c3 temp1,101
S,gtop2 cpu usage,8404
S,gtop2 mem free,200404
0,0.0,0.0,0.0,0.0
300,52.0,49.2,42.3,24.6
600,53.0,53.0,77.3,1.5
900,,41.0,8.6,1.7
1200,,50.0,56.1,1.5
1500,,55.0,96.7,1.5
1800,,47.1,7.8,12.3
2100,,41.8,31.3,12.2
2400,,41.4,2.3,12.5
2700,,42.1,9.7,3.2
3000,,43.2,17.3,2.6
3300,52.0,46.4,39.8,3.9
3600,53.0,45.4,25.1,7.8
3900,52.0,42.5,20.1,6.1
4200,,49.8,50.9,8.4
4500,53.0,42.2,18.3,6.6
I,1521788237,1.1.3
S,lmsensor nouveau-pci-0100 temp1,101
S,lmsensor k10temp-pci-00c3 temp1,101
S,gtop2 cpu usage,8404
S,gtop2 mem free,200404
0,0.0,0.0,0.0,0.0
301,44.0,32.5,1.5,70.5
I,1521790009,1.1.3
S,lmsensor nouveau-pci-0100 temp1,101
S,lmsensor k10temp-pci-00c3 temp1,101
S,gtop2 cpu usage,8404
S,gtop2 mem free,200404
1,0.0,0.0,0.0,0.0
301,44.0,29.5,1.1,76.1
601,47.0,30.0,1.5,75.9
901,,29.0,1.0,75.9
1201,,30.0,1.3,75.8
1501,,29.5,1.3,75.8
1801,48.0,29.9,1.4,75.8
2101,,34.8,2.4,75.2
2401,,35.8,3.7,74.7
2701,49.0,40.6,13.8,70.9
3001,48.0,39.2,9.2,67.9
3301,,34.5,9.8,70.6
3601,,33.5,8.9,68.1
3901,,33.2,0.8,77.8
4201,,38.0,29.9,66.5
4501,,33.5,7.5,66.5
4801,,31.9,4.9,64.9
5101,,34.1,9.9,63.3
5401,,36.2,9.3,62.6
5701,,36.6,10.7,64.3
6001,,33.9,7.5,62.3
6301,,36.8,5.1,59.0
6601,49.0,33.5,18.4,57.5
6901,48.0,35.6,26.1,57.9
7201,,38.1,16.1,58.1
7501,,34.5,7.1,60.4
7801,,36.2,4.3,58.8
I,1521799742,1.1.3
S,lmsensor nouveau-pci-0100 temp1,101
S,lmsensor k10temp-pci-00c3 temp1,101
S,gtop2 cpu usage,8404
S,gtop2 mem free,200404
0,0.0,0.0,0.0,0.0
300,46.0,38.6,14.4,71.0
600,47.0,32.6,1.9,74.0
900,48.0,33.5,24.9,73.2
1200,49.0,35.5,29.3,71.2
1500,48.0,35.2,28.1,71.0
1800,,35.6,28.5,70.4
2100,,35.1,28.0,70.2
2400,,40.4,19.8,68.5
2700,49.0,,39.0,66.2
3000,48.0,39.8,8.4,64.3
3300,49.0,40.0,56.1,64.3
3600,,38.0,38.7,63.9
3900,48.0,33.0,2.8,63.8
4200,,37.2,25.7,62.3
4500,49.0,38.9,21.1,63.0
4800,48.0,38.8,7.4,56.9
5100,49.0,35.0,3.8,64.5
5400,,34.4,17.9,63.6
5700,,35.5,7.8,60.6
6000,50.0,37.8,3.9,61.7
6300,,34.5,24.2,61.8
6600,,,4.3,61.7
6900,49.0,36.0,8.2,61.8
7200,,32.5,9.1,61.7
7500,,34.5,23.6,61.6
7800,,33.9,5.3,62.6
8100,,32.5,5.5,62.4
8400,,34.5,3.4,62.3
8700,,37.4,5.2,62.4
9000,,33.2,5.0,62.2
9300,,34.4,3.0,62.2
9600,,45.5,99.6,48.1
9900,50.0,40.0,33.9,57.6
10200,,40.5,33.2,56.5
10500,51.0,39.2,24.4,57.8
10800,50.0,39.8,27.7,57.0
11100,51.0,37.2,24.7,56.5
11400,50.0,37.5,26.2,56.2
11700,,36.1,2.9,56.3
12000,,39.4,19.0,53.6
12300,51.0,41.4,34.3,52.2
12600,,37.8,7.8,52.2
12900,50.0,,4.0,52.2
13200,51.0,37.9,8.4,50.5
13500,,36.2,19.7,46.7
13800,,34.5,5.1,43.3
14100,,34.0,4.7,43.0
14400,,36.9,2.9,42.6
14700,,36.5,13.8,53.7
15000,,35.1,5.7,51.8
15300,52.0,40.6,27.9,49.8
15600,,39.9,11.1,49.7
15900,,38.8,8.0,62.0
16200,,39.0,2.4,58.3
16500,,36.2,3.2,65.2
I,1521824139,1.1.3
S,lmsensor nouveau-pci-0100 temp1,101
S,lmsensor k10temp-pci-00c3 temp1,101
S,gtop2 cpu usage,8404
S,gtop2 mem free,200404
0,0.0,0.0,0.0,0.0
300,48.0,37.4,19.7,74.6
600,52.0,38.4,19.9,74.1
900,53.0,39.0,19.8,73.5
1200,54.0,39.2,19.2,73.0
1500,,40.0,20.7,72.4
1800,,38.0,0.8,72.4
2100,55.0,40.2,21.2,71.4
2400,,40.5,20.7,70.9
2700,,42.8,8.0,69.6
3000,,46.0,34.8,67.2
3300,56.0,50.5,65.7,26.9
3600,54.0,40.1,7.2,1.5
3901,55.0,49.5,45.2,1.5
4201,54.0,49.8,34.1,1.5
4501,55.0,47.9,34.6,4.5
4801,,47.0,6.5,2.9
5101,,48.5,49.5,2.3
5401,,45.1,17.9,2.4
5701,,46.4,20.3,3.1
6001,,41.9,12.8,3.1
6301,,41.0,16.0,2.4
6601,,41.5,8.4,3.1
6901,54.0,39.8,5.4,3.1
7201,55.0,42.6,11.6,1.9
7501,54.0,41.2,15.0,2.3
7801,55.0,40.6,12.5,2.0
8101,54.0,44.1,11.7,5.7
8401,55.0,38.2,6.0,5.9
8701,54.0,41.9,10.9,5.2
9001,,38.5,9.4,4.8
9301,,39.1,6.3,3.9
9601,,43.8,37.1,7.1
9901,,45.1,8.8,1.8
10201,55.0,47.0,35.1,10.2
10501,,48.0,57.1,1.8
10801,54.0,39.9,4.3,6.8
11101,,45.9,47.3,6.8
11401,,38.1,13.4,6.6
11701,,44.0,23.6,6.5
12001,,40.4,5.5,4.2
12301,,38.0,1.5,17.0
12601,,41.5,23.0,14.7
12901,53.0,39.0,8.9,14.7
13201,54.0,37.9,1.5,14.7
13501,,37.6,1.8,10.0
13801,,38.4,10.3,9.8
14101,,54.0,80.1,3.1
14401,53.0,42.4,6.4,18.9
14701,,38.9,2.2,18.9
15001,,41.5,9.5,15.2
15301,,37.6,1.0,14.0
15601,,36.0,1.1,13.9
15901,52.0,35.8,1.5,13.8
16201,,36.1,1.4,13.8
16501,,35.9,1.4,13.8
16801,53.0,39.6,17.1,16.1
17101,52.0,39.4,5.3,14.0
17401,,37.0,2.3,15.5
17701,53.0,47.0,70.8,11.1
18001,52.0,46.1,29.4,9.8
18301,,53.2,7.3,9.9
18601,,44.6,7.6,14.1
18901,,46.5,32.4,16.0
19201,,40.4,2.4,19.3
19501,51.0,39.4,10.0,14.7
19801,52.0,40.4,8.1,16.4
20101,,42.6,4.7,16.2
20401,51.0,39.4,8.0,15.7
20701,,39.9,4.2,15.5
21001,,41.1,3.8,18.2
21301,,37.5,3.0,19.1
21601,,41.1,6.0,18.3
21901,,37.1,2.4,17.2
22201,,43.0,3.5,15.4
22501,,41.5,10.0,13.6
22801,,44.0,14.0,10.1
23101,,40.0,8.0,14.1
23401,,37.9,4.9,14.3
23701,,43.5,49.0,15.3
24001,,46.0,36.1,16.4
24301,,44.5,24.9,15.9
24601,,50.1,28.8,14.0
24901,,40.8,0.8,13.7
I,1521849298,1.1.3
S,lmsensor nouveau-pci-0100 temp1,101
S,lmsensor k10temp-pci-00c3 temp1,101
S,gtop2 cpu usage,8404
S,gtop2 mem free,200404
0,0.0,0.0,0.0,0.0
300,50.0,47.4,50.2,14.2
I,1521849900,1.1.3
S,lmsensor nouveau-pci-0100 temp1,101
S,lmsensor k10temp-pci-00c3 temp1,101
S,gtop2 cpu usage,8404
S,gtop2 mem free,200404
0,0.0,0.0,0.0,0.0
I,1521881514,1.1.3
S,lmsensor nouveau-pci-0100 temp1,101
S,lmsensor k10temp-pci-00c3 temp1,101
S,gtop2 cpu usage,8404
S,gtop2 mem free,200404
0,0.0,0.0,0.0,0.0
300,44.0,35.5,29.3,71.0
600,47.0,42.0,9.4,58.1
900,48.0,47.2,18.2,47.6
1200,49.0,42.5,25.5,41.2
1500,,37.9,12.1,22.9
1800,,41.1,18.5,1.5
2100,50.0,51.9,76.8,2.1
2400,49.0,42.5,9.1,16.5
2700,50.0,49.1,53.4,8.6
3000,49.0,37.0,4.9,1.5
3300,48.0,38.6,14.4,6.8
3600,49.0,41.2,30.0,5.5
3900,,36.9,8.4,6.1
4200,,49.6,30.8,4.6
4500,50.0,54.0,69.8,8.2
4800,,45.8,47.0,10.8
5100,49.0,38.9,5.8,10.1
5400,,40.5,13.4,9.6
5700,,37.9,10.4,9.9
6000,,35.5,2.8,8.8
6300,47.0,32.2,2.9,8.8
6600,,31.0,3.0,8.7
6900,46.0,30.8,3.4,8.7
7200,47.0,37.2,46.2,9.1
7500,,39.9,16.9,8.4
7800,,41.8,7.1,7.1
8100,,39.9,5.9,4.9
8400,46.0,34.6,6.7,4.6
8700,47.0,35.2,11.6,3.8
9000,,33.5,9.3,2.6
9300,,37.6,31.9,2.4
9600,,38.0,11.4,2.8
9900,,34.9,3.7,2.9
10200,,36.4,3.3,1.7
10500,48.0,39.4,29.0,1.6
10800,49.0,43.0,39.3,1.6
11100,,41.8,32.0,3.0
11400,,42.0,33.5,2.5
11700,,44.0,45.8,7.3
12000,48.0,41.1,3.9,7.0
12300,,36.4,4.1,5.7
12600,,41.5,17.0,2.2
12900,,40.0,35.6,2.3
13200,,44.8,6.1,7.5
13500,49.0,41.0,9.0,4.8
13800,,42.1,5.8,4.6
14100,,43.0,54.5,8.3
14400,,42.1,9.4,9.7
14700,50.0,,18.9,12.5
15000,,43.1,5.0,11.0
15300,49.0,42.6,3.4,10.2
15600,,39.6,6.6,9.5
15900,50.0,42.2,3.0,9.1
16200,,42.4,44.4,10.4
16500,,41.0,55.3,10.1
16800,,36.5,3.7,10.7
17100,,43.9,14.1,8.0
17400,,40.0,3.4,28.5
17700,,46.0,31.5,1.6
18000,,49.8,26.9,1.6
18300,,51.9,35.8,2.9
18600,51.0,45.5,25.3,37.9
18900,50.0,42.1,25.5,38.4
19200,,42.5,32.3,3.9
19500,,42.8,2.8,38.7
19800,,37.0,,37.7
20100,51.0,40.5,45.1,37.7
20400,50.0,42.5,17.5,37.8
20700,,39.4,15.9,37.5
21000,51.0,43.8,53.1,36.8
21300,,45.8,10.0,36.9
21600,,44.5,11.8,36.7
21900,52.0,46.4,10.6,35.3
22200,,42.8,7.1,35.1
22500,,45.1,3.6,35.1
22800,53.0,40.0,5.1,33.0
23100,52.0,40.6,7.9,34.5
23400,53.0,,2.9,34.6
23700,52.0,38.6,2.0,46.7
24000,,40.0,0.5,61.5
I,1521918142,1.1.3
S,lmsensor nouveau-pci-0100 temp1,101
S,lmsensor k10temp-pci-00c3 temp1,101
S,gtop2 cpu usage,8404
S,gtop2 mem free,200404
0,0.0,0.0,0.0,0.0
301,55.0,50.5,22.4,75.8
601,54.0,45.5,20.1,75.2
901,,53.0,75.1,55.8
I,1522254758,1.1.3
S,lmsensor nouveau-pci-0100 temp1,101
S,lmsensor k10temp-pci-00c3 temp1,101
S,gtop2 cpu usage,8404
S,gtop2 mem free,200404
0,0.0,0.0,0.0,0.0
300,56.0,48.5,30.1,56.6
600,,49.2,14.3,43.6
900,,44.4,16.1,30.5
1200,55.0,57.0,6.8,18.3
1500,54.0,50.9,12.7,7.8
1800,53.0,46.4,12.4,2.6
2100,54.0,44.4,23.8,1.6
2400,,39.5,5.9,7.1
I,1522262464,1.1.3
S,lmsensor nouveau-pci-0100 temp1,101
S,lmsensor k10temp-pci-00c3 temp1,101
S,gtop2 cpu usage,8404
S,gtop2 mem free,200404
0,0.0,0.0,0.0,0.0
300,49.0,39.4,25.7,70.7
600,53.0,40.9,21.4,69.0
900,55.0,43.0,20.8,67.2
1200,,45.0,28.8,70.8
1500,,46.5,26.6,68.8
1800,,46.9,26.2,68.6
2100,,47.0,28.0,68.0
2400,,47.8,27.3,68.3
2700,,47.9,31.0,67.8
3000,56.0,48.2,27.5,68.1
3300,,48.6,28.1,68.0
3600,55.0,47.0,26.3,67.8
3900,56.0,60.5,99.9,24.3
4200,,73.0,,1.5
4500,,,94.3,2.0
4800,55.0,54.8,28.6,76.9
5100,,50.9,28.2,75.3
5400,,45.5,14.9,71.6
5700,54.0,39.5,3.2,1.7
6000,,48.0,23.5,1.5
6300,,42.5,1.8,3.7
6600,55.0,44.5,29.6,3.8
6900,,47.8,33.2,1.5
7200,,48.9,32.6,1.5
7500,,49.1,33.0,1.6
7800,56.0,49.5,33.7,1.5
8100,55.0,48.6,3.8,1.6
8400,,48.5,27.4,1.9
8700,,48.0,28.7,75.0
9000,,48.2,27.4,73.9
9300,,48.0,26.9,72.8
9600,56.0,47.9,27.2,72.9
9900,,,26.9,73.1
10200,55.0,51.1,6.9,84.3
I,1522299180,1.1.3
S,lmsensor nouveau-pci-0100 temp1,101
S,lmsensor k10temp-pci-00c3 temp1,101
S,gtop2 cpu usage,8404
S,gtop2 mem free,200404
0,0.0,0.0,0.0,0.0
300,45.0,34.4,16.0,72.4
600,49.0,31.8,0.3,79.6
900,50.0,31.5,0.5,79.7
1200,,31.9,0.4,79.7
1500,,31.8,0.9,79.6
1800,51.0,40.6,26.9,69.9
2100,,38.0,19.7,67.3
2400,,35.0,5.9,67.0
2700,49.0,32.5,3.7,67.1
I,1522303076,1.1.3
S,lmsensor nouveau-pci-0100 temp1,101
S,lmsensor k10temp-pci-00c3 temp1,101
S,gtop2 cpu usage,8404
S,gtop2 mem free,200404
0,0.0,0.0,0.0,0.0
300,47.0,35.8,0.9,71.4
600,49.0,37.1,1.8,70.0
900,50.0,34.5,2.4,64.0
1200,51.0,41.8,11.4,56.4
1500,52.0,39.8,22.7,61.7
1800,51.0,36.0,0.9,66.9
2100,,40.1,1.5,61.0
2400,52.0,41.5,31.5,57.7
2700,,35.0,3.7,57.2
3000,51.0,34.0,1.1,62.2
3300,53.0,44.5,47.2,55.9
3600,54.0,46.9,45.5,52.3
3900,53.0,48.0,48.0,50.3
4200,,47.5,45.9,49.6
4500,54.0,49.0,55.6,49.7
4800,53.0,44.8,5.0,52.2
5100,52.0,39.4,1.0,50.4
5400,,37.9,6.4,47.7
5700,,40.5,27.3,45.5
6000,,39.4,12.2,44.8
6300,53.0,39.5,29.2,41.3
6600,52.0,36.9,4.9,40.4
6900,,42.0,35.9,40.9
7200,,41.0,2.7,44.4
7500,,35.4,4.2,44.3
I,1522311961,1.1.3
S,lmsensor nouveau-pci-0100 temp1,101
S,lmsensor k10temp-pci-00c3 temp1,101
S,gtop2 cpu usage,8404
S,gtop2 mem free,200404
0,0.0,0.0,0.0,0.0
I,1522313451,1.1.3
S,lmsensor nouveau-pci-0100 temp1,101
S,lmsensor k10temp-pci-00c3 temp1,101
S,gtop2 cpu usage,8404
S,gtop2 mem free,200404
0,0.0,0.0,0.0,0.0
301,45.0,31.5,2.3,80.7
601,48.0,41.4,38.4,56.1
901,49.0,39.0,7.8,19.2
1201,,39.4,27.4,4.3
1501,51.0,42.5,33.0,1.7
1801,,39.5,23.7,1.6
2101,,39.0,20.2,1.6
2401,,36.4,5.9,74.4
I,1522318426,1.1.3
S,lmsensor nouveau-pci-0100 temp1,101
S,lmsensor k10temp-pci-00c3 temp1,101
S,gtop2 cpu usage,8404
S,gtop2 mem free,200404
0,0.0,0.0,0.0,0.0
I,1522318614,1.1.3
S,lmsensor nouveau-pci-0100 temp1,101
S,lmsensor k10temp-pci-00c3 temp1,101
S,gtop2 cpu usage,8404
S,gtop2 mem free,200404
0,0.0,0.0,0.0,0.0
300,50.0,34.0,0.3,85.7
600,51.0,47.2,44.5,65.9
900,,41.8,8.0,62.1
1200,,41.1,7.1,59.5
1500,52.0,54.0,72.8,49.0
1800,53.0,50.4,46.8,51.0
2100,51.0,45.2,5.3,50.3
2400,,50.0,47.8,49.4
2700,52.0,44.5,43.4,52.8
3000,,48.5,51.3,52.5
3300,51.0,38.5,7.6,55.3
3600,50.0,38.4,3.6,54.3
3900,,41.4,18.5,53.2
4200,,37.9,9.7,51.3
4500,,34.5,4.9,50.6
4800,,40.0,4.8,49.8
5100,,36.0,5.0,49.5
5400,51.0,40.0,16.6,49.1
5700,,39.8,5.1,48.8
6000,50.0,41.5,7.2,51.9
6300,51.0,42.5,33.7,48.2
6600,,40.0,6.8,50.0
6900,50.0,38.1,10.9,50.9
7200,51.0,38.2,6.2,49.9
7500,,41.4,9.1,49.3
7800,,42.9,15.0,45.8
8100,50.0,39.0,10.2,44.8
8400,51.0,39.4,4.4,43.4
8700,,41.5,32.6,44.8
9000,,37.0,10.6,43.9
9300,,39.9,9.6,42.4
9600,50.0,43.2,46.3,43.0
9900,51.0,43.1,12.6,56.3
10200,,39.0,24.3,55.3
10500,,,24.0,55.2
10800,,,21.9,54.7
11100,,38.9,25.0,54.4
11400,,41.4,42.0,54.0
11700,,45.0,42.5,55.2
I,1522339530,1.1.3
S,lmsensor nouveau-pci-0100 temp1,101
S,lmsensor k10temp-pci-00c3 temp1,101
S,gtop2 cpu usage,8404
S,gtop2 mem free,200404
1,0.0,0.0,0.0,0.0
301,45.0,38.0,32.7,70.1
601,49.0,38.9,1.4,71.0
901,50.0,33.5,0.8,71.9
1201,,37.2,25.8,71.2
1501,51.0,38.1,27.4,70.5
1801,,41.1,29.0,71.0
2101,52.0,41.0,27.3,69.5
2401,,39.9,24.6,69.2
2701,,40.5,25.4,68.8
3001,,39.6,25.7,68.0
3301,53.0,45.0,47.4,62.4
3601,52.0,42.6,25.2,50.9
3901,,44.8,15.5,13.9
4201,,46.1,35.1,1.5
4501,,40.9,9.8,2.4
4801,,41.1,1.9,4.5
5101,,40.8,4.4,3.5
5401,53.0,42.5,25.9,4.6
5701,,40.6,7.9,3.8
6001,,46.2,29.4,6.9
6301,,42.8,4.9,6.7
6601,,42.9,22.5,6.4
6901,54.0,37.0,2.1,7.0
7201,,46.2,26.1,1.6
I,1522351643,1.1.3
S,lmsensor nouveau-pci-0100 temp1,101
S,lmsensor k10temp-pci-00c3 temp1,101
S,gtop2 cpu usage,8404
S,gtop2 mem free,200404
0,0.0,0.0,0.0,0.0
300,48.0,41.9,29.2,43.3
600,53.0,43.6,22.5,32.5
900,,45.1,11.3,23.4
1200,54.0,42.4,13.7,20.7
1500,,45.1,21.5,1.5
1800,,47.1,26.9,1.6
2100,,42.4,7.7,2.1
2400,,43.9,29.4,1.7
2700,55.0,51.0,63.9,1.6
3000,,47.4,32.7,5.2
3300,,40.1,1.5,43.0
3600,,43.4,40.9,41.4
3900,,49.0,47.0,37.8
4200,,43.5,42.6,30.3
4500,,54.0,40.7,12.3
4800,,47.6,1.0,20.8
5100,,45.4,1.4,20.2
5400,54.0,47.1,4.6,16.8
5700,,40.6,4.5,16.2
6000,,42.8,13.1,40.3
6300,,42.5,16.8,24.8
6600,,38.5,3.8,34.6
6900,55.0,42.4,13.1,33.6
7200,,41.0,15.8,32.2
7500,54.0,40.8,15.4,30.9
7800,55.0,40.5,15.5,30.8
8100,54.0,46.1,6.8,30.5
8400,,45.6,19.4,28.8
8700,55.0,48.5,37.1,24.3
9000,54.0,41.2,15.9,25.8
9300,55.0,41.4,17.2,25.7
9600,54.0,41.5,17.9,25.6
9900,,39.9,1.4,27.3
I,1522361962,1.1.3
S,lmsensor nouveau-pci-0100 temp1,101
S,lmsensor k10temp-pci-00c3 temp1,101
S,gtop2 cpu usage,8404
S,gtop2 mem free,200404
0,0.0,0.0,0.0,0.0
I,1522398285,1.1.3
S,lmsensor nouveau-pci-0100 temp1,101
S,lmsensor k10temp-pci-00c3 temp1,101
S,gtop2 cpu usage,8404
S,gtop2 mem free,200404
0,0.0,0.0,0.0,0.0
300,46.0,33.8,5.6,65.6
600,48.0,36.5,2.5,63.7
900,49.0,37.9,12.4,65.8
1200,,36.2,1.1,63.4
1500,50.0,34.5,6.3,59.5
1800,49.0,38.6,8.5,58.2
2100,50.0,40.4,20.4,58.9
2400,,38.6,15.9,60.0
2700,,34.8,4.6,61.9
3000,,38.4,30.2,63.0
3300,,36.9,8.3,60.7
3600,,35.5,19.8,61.2
3900,,39.8,5.4,60.5
4200,51.0,38.8,20.7,59.2
4500,,37.5,15.3,20.0
4800,,38.8,14.6,19.9
5100,50.0,37.2,6.0,8.2
5400,51.0,37.4,20.8,8.2
5700,50.0,40.0,48.8,4.6
6000,51.0,38.8,11.0,11.3
6300,50.0,39.5,23.8,10.9
6600,51.0,36.5,17.9,11.9
6900,,39.6,17.8,10.7
7200,,47.0,27.4,8.9
7500,50.0,40.0,0.9,57.4
7800,,42.0,38.3,53.7
8100,,46.9,25.5,18.8
8400,,42.9,5.3,47.7
8700,,35.6,6.6,34.9
9000,,34.5,4.5,35.9
I,1522407751,1.1.3
S,lmsensor nouveau-pci-0100 temp1,101
S,lmsensor k10temp-pci-00c3 temp1,101
S,gtop2 cpu usage,8404
S,gtop2 mem free,200404
0,0.0,0.0,0.0,0.0
300,51.0,42.0,53.3,65.0
600,,37.5,16.1,58.2
900,50.0,38.2,4.9,66.7
1200,51.0,41.9,48.0,58.9
1500,50.0,39.2,6.7,64.8
1800,,40.5,29.1,68.0
2100,,41.0,25.4,61.2
2400,51.0,40.0,3.4,66.2
2700,50.0,35.4,3.3,65.2
3000,,41.9,31.1,64.0
3300,51.0,45.1,51.8,63.2
3600,,42.6,35.8,59.7
3900,52.0,44.9,44.8,58.8
4200,,46.0,47.2,56.9
4500,,42.0,8.0,55.1
4800,,45.5,72.0,52.6
5100,51.0,35.0,6.1,50.0
5400,,38.2,4.2,51.8
5700,52.0,44.5,50.5,44.2
6000,,47.0,35.7,44.1
6300,51.0,36.5,6.0,43.2
6600,,35.5,4.9,42.8
6900,,36.5,13.9,42.5
7200,52.0,35.5,4.9,40.6
I,1522415072,1.1.3
S,lmsensor nouveau-pci-0100 temp1,101
S,lmsensor k10temp-pci-00c3 temp1,101
S,gtop2 cpu usage,8404
S,gtop2 mem free,200404
0,0.0,0.0,0.0,0.0
300,52.0,37.0,11.8,66.1
600,,40.5,3.6,57.5
900,53.0,40.2,5.8,56.0
1200,,42.5,48.2,59.1
1500,,39.4,4.1,54.8
1800,,39.8,15.1,49.9
2100,,42.1,8.2,48.1
2400,,39.4,6.7,47.0
2700,,41.8,6.2,48.5
3000,,43.9,56.6,48.1
3300,,40.5,23.9,49.9
I,1522418467,1.1.3
S,lmsensor nouveau-pci-0100 temp1,101
S,lmsensor k10temp-pci-00c3 temp1,101
S,gtop2 cpu usage,8404
S,gtop2 mem free,200404
0,0.0,0.0,0.0,0.0
300,52.0,44.0,52.7,52.2
I,1522418981,1.1.3
S,lmsensor nouveau-pci-0100 temp1,101
S,lmsensor k10temp-pci-00c3 temp1,101
S,gtop2 cpu usage,8404
S,gtop2 mem free,200404
0,0.0,0.0,0.0,0.0
300,52.0,42.2,20.7,49.1
600,51.0,41.5,52.9,43.1
900,,39.0,14.2,37.3
1200,,37.5,3.6,37.6
1500,52.0,35.6,5.1,36.7
1800,,35.0,4.3,43.8
2100,,40.0,13.6,39.0
2400,,41.1,7.9,37.6
2700,,44.6,12.6,38.3
3000,,43.5,9.4,40.1
3300,,39.4,4.3,37.8
3600,,36.6,3.9,36.4
3900,54.0,42.4,14.9,28.7
4200,,43.0,9.2,32.1
4500,55.0,49.1,12.9,21.4
4800,56.0,46.8,27.5,26.3
5100,,45.1,29.5,25.4
5400,57.0,48.6,31.2,20.4
5700,56.0,46.1,16.8,51.5
I,1522428121,1.1.3
S,lmsensor nouveau-pci-0100 temp1,101
S,lmsensor k10temp-pci-00c3 temp1,101
S,gtop2 cpu usage,8404
S,gtop2 mem free,200404
0,0.0,0.0,0.0,0.0
300,49.0,39.5,11.5,66.3
600,52.0,38.1,3.9,65.9
I,1522428799,1.1.3
S,lmsensor nouveau-pci-0100 temp1,101
S,lmsensor k10temp-pci-00c3 temp1,101
S,gtop2 cpu usage,8404
S,gtop2 mem free,200404
0,0.0,0.0,0.0,0.0
300,54.0,42.9,0.5,73.9
600,55.0,46.8,11.6,55.4
900,,47.2,11.3,54.7
1200,,40.9,10.2,52.4
1500,56.0,45.8,16.3,44.0
1800,,47.5,51.0,41.3
2100,,48.5,64.0,48.2
2400,,42.9,12.8,45.9
2700,,47.6,36.0,43.0
3000,,45.2,33.4,40.2
3300,,45.5,33.9,40.0
3600,,48.0,33.3,39.6
3900,,47.9,33.9,38.9
4200,,48.0,33.1,38.0
4500,,47.4,31.0,39.0
4800,,48.0,30.1,38.1
5100,,51.1,29.4,35.4
5400,55.0,51.9,17.7,31.1
5700,,43.6,15.3,30.0
6000,56.0,48.9,35.7,26.0
6300,,51.5,17.9,26.8
6600,,50.1,24.9,24.1
6900,55.0,47.2,24.4,24.3
7200,54.0,50.0,72.0,22.3
7500,,48.6,17.1,21.1
7800,,49.6,16.3,26.0
8100,,47.5,21.7,25.0
8400,,47.0,18.7,25.0
8700,,45.0,32.7,25.9
9000,,49.0,68.9,23.2
9300,,48.5,45.0,21.8
9600,,44.0,17.2,21.4
9900,55.0,50.5,71.7,26.5
10200,,44.5,21.2,23.3
10500,,48.5,38.6,21.0
10800,,55.8,33.7,20.0
11100,56.0,50.5,36.8,19.2
11400,55.0,52.0,13.4,17.3
11700,56.0,48.8,36.6,17.4
12000,55.0,48.5,45.7,15.7
12300,,48.2,12.9,14.5
12600,,51.1,13.3,14.2
12900,56.0,48.1,27.4,13.8
13200,55.0,45.5,12.1,12.1
13500,,53.5,18.9,4.9
13800,,56.5,99.9,1.8
I,1531505613,1.1.3
S,lmsensor nouveau-pci-0100 temp1,101
S,lmsensor k10temp-pci-00c3 temp1,101
S,gtop2 cpu usage,8404
S,gtop2 mem free,200404
0,0.0,0.0,0.0,0.0
300,47.0,59.6,45.3,66.3
600,,60.1,35.8,56.7
900,,50.1,9.0,57.3
1200,46.0,49.6,28.6,36.0
1500,,43.9,0.3,40.8
1800,,39.0,0.5,40.8
2100,,38.5,0.1,40.8
2400,,50.0,36.3,31.2
2700,,47.4,30.0,21.2
3000,47.0,52.4,6.1,19.0
3300,46.0,45.0,27.3,17.7
3600,,43.9,17.4,17.4
3900,,44.4,8.5,13.8
4200,,42.0,8.1,24.3
4500,,52.0,64.9,1.6
4800,,50.0,26.5,1.5
5100,,44.4,9.2,1.7
5400,,48.4,12.2,35.8
5700,,42.4,11.4,8.7
6000,,,6.1,7.7
6300,,46.0,29.4,1.5
6600,,42.1,8.6,2.1
I,1531540708,1.1.3
S,lmsensor nouveau-pci-0100 temp1,101
S,lmsensor k10temp-pci-00c3 temp1,101
S,gtop2 cpu usage,8404
S,gtop2 mem free,200404
0,0.0,0.0,0.0,0.0
300,42.0,34.5,1.9,78.3
600,43.0,46.9,14.9,60.7
900,,41.5,28.1,65.6
1200,44.0,46.0,44.3,63.2
1500,,45.4,22.8,61.2
1800,43.0,44.2,31.9,59.6
2100,44.0,46.6,27.4,59.6
2400,,45.0,36.7,59.0
2700,43.0,37.0,4.3,59.3
I,1531544029,1.1.3
S,lmsensor nouveau-pci-0100 temp1,101
S,lmsensor k10temp-pci-00c3 temp1,101
S,gtop2 cpu usage,8404
S,gtop2 mem free,200404
0,0.0,0.0,0.0,0.0
300,43.0,58.0,97.1,57.5
600,,53.2,35.7,57.3
900,44.0,56.1,51.4,52.9
1200,,44.5,3.9,59.6
1500,,38.0,4.5,58.9
1800,,42.6,2.8,59.3
I,1531555338,1.1.3
S,lmsensor nouveau-pci-0100 temp1,101
S,lmsensor k10temp-pci-00c3 temp1,101
S,gtop2 cpu usage,8404
S,gtop2 mem free,200404
0,0.0,0.0,0.0,0.0
300,42.0,43.5,44.9,71.5
600,44.0,41.5,26.3,71.0
900,,37.5,3.3,70.9
1200,45.0,41.4,3.7,70.4
1500,,44.5,9.3,66.9
1800,,39.2,4.4,67.5
2100,,39.5,8.3,67.5
2400,,40.9,8.1,67.2
2700,,40.5,8.5,66.9
3000,,41.2,8.0,66.7
3300,,40.5,9.9,66.5
3600,46.0,41.1,9.4,66.3
3900,,,5.5,66.0
4200,,45.8,14.8,59.6
4500,,43.4,7.9,58.3
4800,,44.1,9.1,53.3
I,1531560348,1.1.3
S,lmsensor nouveau-pci-0100 temp1,101
S,lmsensor k10temp-pci-00c3 temp1,101
S,gtop2 cpu usage,8404
S,gtop2 mem free,200404
0,0.0,0.0,0.0,0.0
300,46.0,48.2,23.3,68.4
I,1531569585,1.1.3
S,lmsensor nouveau-pci-0100 temp1,101
S,lmsensor k10temp-pci-00c3 temp1,101
S,gtop2 cpu usage,8404
S,gtop2 mem free,200404
0,0.0,0.0,0.0,0.0
300,43.0,40.1,22.5,68.1
600,44.0,42.5,25.8,66.9
900,45.0,47.2,29.7,62.3
1200,,44.0,29.1,61.0
1500,,40.0,4.4,60.2
1800,,43.4,10.0,62.4
2100,46.0,52.4,61.3,42.8
2400,,44.6,16.3,1.7
2700,,44.5,14.6,1.8
3000,,42.1,7.6,1.6
3300,,41.5,10.7,1.8
3600,,44.0,27.7,71.7
3900,,50.4,32.7,63.5
4200,,48.8,35.4,34.8
4500,47.0,48.4,32.7,1.6
4800,46.0,46.1,13.7,1.5
5100,,45.5,31.2,1.7
5400,,43.5,8.4,1.7
5700,,49.5,35.9,1.5
6000,,47.6,25.3,1.6
6300,,49.1,23.1,1.6
6600,47.0,49.0,36.3,2.5
6900,46.0,40.5,6.5,10.5
7200,,43.0,11.4,9.0
7500,,40.5,3.7,9.0
7800,,41.2,4.4,8.7
8100,,45.0,8.5,7.7
8400,,44.6,9.7,8.5
8700,,45.9,11.2,8.1
9000,47.0,45.0,25.2,7.1
9300,,43.2,9.8,6.9
9600,,45.9,25.3,6.4
9900,,50.6,26.8,5.5
10200,,44.5,25.4,3.0
10500,,44.8,6.8,2.0
10800,,41.9,5.6,2.8
11100,,45.5,25.8,2.7
11400,,46.1,26.2,2.1
11700,,41.9,6.1,1.7
12000,,42.1,6.4,2.1
12300,,45.5,26.0,1.8
12600,,42.5,6.4,1.6
12900,,45.8,26.0,1.8
I,1531583492,1.1.3
S,lmsensor nouveau-pci-0100 temp1,101
S,lmsensor k10temp-pci-00c3 temp1,101
S,gtop2 cpu usage,8404
S,gtop2 mem free,200404
0,0.0,0.0,0.0,0.0
300,45.0,44.8,26.7,69.0
600,46.0,44.2,25.1,68.1
900,,44.5,24.7,66.5
1200,47.0,45.2,26.0,65.4
1500,,,26.2,65.1
1800,46.0,41.0,4.9,65.0
2100,47.0,40.5,4.4,63.5
2400,46.0,39.8,4.1,63.5
2700,,39.0,3.9,63.5
3000,,39.5,4.1,63.5
3300,,41.0,4.5,63.4
3600,,39.2,4.2,63.2
3900,,39.0,5.1,62.7
4200,,40.0,7.5,59.6
4500,,,8.7,59.6
4800,,39.9,7.4,59.5
5100,,41.1,8.2,56.3
5400,47.0,43.4,14.9,56.4
5700,,41.9,12.4,56.4
6000,,41.5,7.4,56.3
6300,,44.9,26.5,61.3
6600,,48.5,24.0,60.5
6900,,43.2,10.4,59.1
7200,,43.5,3.7,56.6
7500,46.0,46.8,3.7,56.3
7800,,40.9,4.4,56.2
8100,,,5.7,54.3
8400,47.0,,5.8,54.6
8700,46.0,46.4,5.6,51.1
9000,,47.2,17.8,55.5
9300,,46.5,16.8,55.7
9600,,47.2,18.0,51.7
9900,,42.0,8.9,56.3
10200,,40.4,5.5,55.9
10500,,42.9,12.3,55.5
10800,,,21.7,54.7
11100,,43.4,9.2,52.3
11400,,43.0,22.2,53.9
11700,,43.5,21.9,53.6
12000,,47.5,5.6,51.1
12300,,40.9,1.9,49.6
12600,,39.0,0.6,49.7
12900,,38.5,0.8,49.6
13200,,42.1,7.6,52.7
13500,,41.1,4.3,50.7
13800,,49.0,57.8,52.7
14100,,40.4,9.8,53.1
14400,,41.0,7.3,52.9
14700,,43.5,22.2,52.6
15000,,43.2,22.7,52.3
15300,,42.5,8.4,52.4
15600,,45.6,27.7,36.9
15900,,48.5,31.2,1.5
16200,,47.4,33.5,1.5
16500,,50.0,20.2,1.5
16800,45.0,42.4,15.3,2.2
17100,,44.5,20.2,1.7
17400,,47.8,24.3,4.8
17700,,43.6,7.0,25.6
18000,,42.8,2.8,2.5
18300,,44.0,18.4,2.4
18600,44.0,45.5,23.8,13.5
I,1531640155,1.1.3
S,lmsensor nouveau-pci-0100 temp1,101
S,lmsensor k10temp-pci-00c3 temp1,101
S,gtop2 cpu usage,8404
S,gtop2 mem free,200404
0,0.0,0.0,0.0,0.0
300,42.0,34.5,3.7,63.1
600,43.0,40.0,28.6,62.4
900,44.0,42.8,28.1,60.5
1200,,42.5,30.4,59.4
1500,,42.8,27.2,58.5
1800,45.0,44.1,28.8,57.8
2100,,43.4,28.8,57.8
2400,,43.5,28.4,57.9
2700,,43.4,27.4,57.8
3000,,45.0,26.0,45.3
3300,,42.5,9.1,18.6
3600,,38.8,1.0,1.6
3900,,37.5,0.8,1.7
4200,,,1.1,1.8
4500,,38.0,1.0,1.7
4800,,38.5,0.8,1.7
5100,,50.0,55.2,2.0
5400,,43.2,7.2,2.6
5700,,40.5,5.6,6.0
6000,46.0,47.0,38.1,1.6
6300,,51.6,40.6,1.8
6600,45.0,40.0,2.0,11.1
6900,,47.4,16.7,1.4
7200,,49.5,25.2,10.6
7500,,39.9,2.5,9.9
7800,,38.4,2.9,7.7
8100,,45.0,23.9,5.6
8400,,46.0,2.8,1.6
8700,,39.0,4.2,1.5
9000,,41.8,5.0,1.6
9300,,46.8,17.3,1.5
9600,,46.6,20.0,1.8
9900,,52.0,33.1,2.3
10200,46.0,47.6,18.4,3.3
10500,45.0,50.6,42.6,3.0
10800,,42.5,16.9,2.8
11100,,49.8,33.4,1.5
11400,46.0,48.5,37.0,1.7
11700,,49.0,26.9,2.9
12000,,54.2,39.4,8.3
12300,,52.9,28.4,14.4
12600,,50.2,35.6,16.5
12900,,49.9,28.8,2.4
13200,,51.5,32.9,1.8
13500,,52.1,16.8,20.3
13800,,48.6,19.9,18.4
14100,,44.5,5.7,6.2
14400,,48.2,8.6,3.2
14700,,49.0,40.0,9.6
15000,,45.4,5.8,9.2
I,1531655290,1.1.3
S,lmsensor nouveau-pci-0100 temp1,101
S,lmsensor k10temp-pci-00c3 temp1,101
S,gtop2 cpu usage,8404
S,gtop2 mem free,200404
0,0.0,0.0,0.0,0.0
300,46.0,47.8,22.7,41.0
600,,48.2,9.7,31.1
900,,53.5,26.3,11.2
1200,,57.0,39.9,1.5
1500,,57.2,28.4,1.6
1800,47.0,56.4,29.5,1.4
2100,,49.4,40.9,1.5
2400,,50.5,44.7,1.5
2700,,42.6,5.6,1.9
3000,,50.5,33.8,1.5
3300,,51.5,35.4,1.5
3600,,50.8,29.1,1.7
3900,,51.5,25.2,1.5
4200,,49.0,1.5,1.7
4500,46.0,47.8,4.8,1.7
4800,,49.5,22.1,36.6
5100,47.0,57.6,37.2,1.4
5400,,58.5,45.8,1.4
5700,,60.2,46.9,1.7
6000,,52.1,1.3,1.8
6300,,40.0,0.8,
6600,,39.0,,1.8
6900,,49.5,27.9,1.7
7200,,51.5,29.3,1.5
7500,,52.0,28.4,1.5
7800,,52.6,28.4,1.5
8100,48.0,51.9,27.5,1.5
8400,,51.2,26.9,1.5
8700,,52.5,28.0,1.6
9000,47.0,51.4,26.5,1.5
9300,,,27.6,1.5
9600,,51.2,25.1,1.5
9900,,,26.0,1.5
10200,,52.4,26.9,1.6
10500,,45.0,16.0,3.0
10800,,47.8,1.6,3.1
11100,,39.4,0.9,3.3
11400,46.0,44.2,13.5,10.2
11700,47.0,59.0,58.1,8.4
12000,,61.0,57.0,5.4
12300,48.0,61.9,55.4,2.6
12600,,61.0,54.6,1.5
12900,47.0,41.0,1.0,1.9
13200,,60.1,49.5,1.8
13500,48.0,61.0,43.7,1.5
13800,,60.8,49.2,1.5
14100,,60.5,49.5,1.6
14400,,63.0,59.2,1.6
14700,,62.5,58.9,1.5
15000,,61.4,53.7,1.7
15300,,61.9,54.9,1.7
15600,,,50.2,1.6
15900,,61.5,54.0,1.6
16200,,45.5,2.5,1.5
16500,47.0,42.0,4.4,23.7
16800,,40.5,3.5,17.4
17100,,54.5,57.5,25.1
17400,,61.5,66.6,22.5
17700,,60.0,40.6,19.7
18000,48.0,61.0,52.2,16.8
18300,47.0,60.6,35.8,14.0
18600,,62.2,48.1,10.9
18900,,44.2,7.0,10.6
19200,,41.0,9.3,9.3
19500,,40.5,3.5,8.3
19800,46.0,39.0,0.8,7.8
20100,47.0,50.4,28.0,10.6
20400,,52.8,30.3,4.6
20700,,52.1,29.1,2.2
21000,,54.0,33.1,1.6
21300,,52.8,28.4,2.1
21600,,51.4,28.8,8.9
21900,48.0,53.5,31.5,3.6
22200,47.0,52.1,29.1,1.5
22500,48.0,53.5,31.1,1.5
22800,,53.0,30.7,1.6
23100,,52.5,30.6,1.6
23400,,52.2,28.2,1.7
23700,,52.1,26.7,1.6
24000,47.0,53.9,34.3,1.5
24300,48.0,52.4,29.6,1.5
24600,,52.5,27.0,1.6
24900,47.0,53.5,32.7,1.5
25200,,52.1,28.2,1.6
25500,,53.5,35.3,1.6
25800,,53.9,34.6,1.6
26100,,52.0,29.9,1.7
26400,,53.1,30.2,1.7
26700,,54.0,66.7,2.3
27000,,63.0,73.7,1.5
27300,,65.0,70.6,1.7
27600,48.0,66.2,60.0,1.6
27900,,64.4,61.3,1.6
28200,,63.8,43.8,1.7
28500,,66.9,74.6,1.6
28800,47.0,65.9,74.9,1.7
29100,,64.5,69.5,1.5
29400,,61.8,46.4,1.6
29700,,63.9,67.2,1.5
30000,,62.0,60.1,1.5
30300,,62.5,66.5,1.6
30600,,64.0,80.3,1.5
30900,,62.5,61.5,1.7
31200,,65.1,80.3,1.6
31500,48.0,65.0,83.1,1.6
31800,,63.9,65.5,1.5
32100,,62.1,56.1,1.6
32400,,61.8,43.5,2.3
32700,47.0,63.5,85.6,1.8
33000,,64.5,74.4,1.6
33300,,63.5,66.8,1.6
33600,,63.0,59.8,1.6
33900,,65.0,75.0,1.6
I,1531714121,1.1.3
S,lmsensor nouveau-pci-0100 temp1,101
S,lmsensor k10temp-pci-00c3 temp1,101
S,gtop2 cpu usage,8404
S,gtop2 mem free,200404
0,0.0,0.0,0.0,0.0
301,42.0,42.8,18.2,19.9
601,44.0,64.6,7.9,2.3
901,45.0,60.4,7.5,1.5
1201,,39.0,0.4,90.5
1501,44.0,37.9,0.9,90.4
1801,,37.5,2.1,87.1
2101,45.0,44.4,33.0,36.1
2401,,43.4,9.7,9.6
2701,,41.2,10.0,1.8
3001,,43.8,27.6,1.6
3301,46.0,44.8,27.1,1.5
3601,,44.5,24.3,1.7
3901,45.0,42.0,13.1,77.3
4201,,40.5,3.3,70.5
4501,,47.4,12.3,66.5
4801,46.0,46.2,14.4,65.8
5101,,44.4,5.0,66.5
5401,,42.2,8.1,65.9
5701,,49.4,46.9,59.1
6001,,50.6,13.0,60.5
6301,,45.4,12.3,57.8
6601,,50.0,13.0,50.5
6901,,45.6,6.3,46.5
7201,,47.6,10.1,42.6
7501,,44.2,19.9,32.1
7801,,46.5,35.6,32.1
8101,45.0,40.6,8.1,40.1
8401,46.0,40.8,9.3,40.9
8701,45.0,43.1,15.1,35.2
I,1531723070,1.1.3
S,lmsensor nouveau-pci-0100 temp1,101
S,lmsensor k10temp-pci-00c3 temp1,101
S,gtop2 cpu usage,8404
S,gtop2 mem free,200404
0,0.0,0.0,0.0,0.0
300,45.0,40.5,3.5,68.6
600,,46.5,43.6,65.1
900,,44.2,8.4,56.6
1200,,44.9,10.5,55.2
1500,,43.8,11.7,54.5
1800,,47.8,18.8,62.9
2100,,39.5,5.5,61.3
2400,,43.5,32.2,59.1
2700,46.0,48.5,43.2,59.8
3000,,42.6,17.5,55.2
3300,,39.5,8.2,55.3
3600,,39.9,11.4,60.5
3900,,48.5,18.5,36.8
4200,,43.6,3.6,21.5
4500,,44.2,6.4,18.0
4800,,47.2,23.5,21.2
5100,,44.2,17.7,19.4
I,1531728520,1.1.3
S,lmsensor nouveau-pci-0100 temp1,101
S,lmsensor k10temp-pci-00c3 temp1,101
S,gtop2 cpu usage,8404
S,gtop2 mem free,200404
0,0.0,0.0,0.0,0.0
300,46.0,40.0,0.6,45.6
600,,40.8,6.2,69.2
